[18:39:28] [modloading-worker-0/INFO] ========================================
[18:39:28] [modloading-worker-0/INFO] Minecraft: 1.20.1
[18:39:28] [modloading-worker-0/INFO] Side: server
[18:39:28] [modloading-worker-0/INFO] Development: false
[18:39:28] [modloading-worker-0/INFO] Version: 12.1.785
[18:39:28] [modloading-worker-0/INFO] Loader:
[18:39:28] [modloading-worker-0/INFO] - Forge: 47.3.7
[18:39:28] [modloading-worker-0/INFO] Dependencies:
[18:39:28] [modloading-worker-0/INFO] - Cloth Config: 11.1.136
[18:39:28] [modloading-worker-0/INFO] - Architectury: 9.2.14
[18:39:28] [modloading-worker-0/INFO] Mixin: 0.8.5
[18:39:28] [modloading-worker-0/INFO] OS: Linux 6.5.0-1025-azure (amd64)
[18:39:28] [modloading-worker-0/INFO] Java: 21.0.5 (Microsoft)
[18:39:28] [modloading-worker-0/INFO] ========================================
[18:39:28] [modloading-worker-0/INFO] Mods:
[18:39:28] [modloading-worker-0/INFO] - advancementplaques: 1.6.7
[18:39:28] [modloading-worker-0/INFO] - aether: 1.20.1-1.5.1-neoforge
[18:39:28] [modloading-worker-0/INFO] - aiimprovements: 0.5.2
[18:39:28] [modloading-worker-0/INFO] - alexscaves: 2.0.2
[18:39:28] [modloading-worker-0/INFO] - alexsmobs: 1.22.9
[18:39:28] [modloading-worker-0/INFO] - alexsmobsinteraction: 4.3
[18:39:28] [modloading-worker-0/INFO] - almanac: 1.0.2
[18:39:28] [modloading-worker-0/INFO] - ambientsounds: 6.1.4
[18:39:28] [modloading-worker-0/INFO] - amendments: 1.20-1.2.12
[18:39:28] [modloading-worker-0/INFO] - aquaculture: 2.5.3
[18:39:28] [modloading-worker-0/INFO] - architectury: 9.2.14
[18:39:28] [modloading-worker-0/INFO] - artifacts: 9.5.13
[18:39:28] [modloading-worker-0/INFO] - athena: 3.1.2
[18:39:28] [modloading-worker-0/INFO] - balm: 7.3.9
[18:39:28] [modloading-worker-0/INFO] - better_weaponry: 1.0.0
[18:39:28] [modloading-worker-0/INFO] - betterarcheology: 1.2.1-1.20.1
[18:39:28] [modloading-worker-0/INFO] - betterchunkloading: 1.20.1-5.1
[18:39:28] [modloading-worker-0/INFO] - bettercombat: 1.8.6+1.20.1
[18:39:28] [modloading-worker-0/INFO] - bettercopper: 1.2
[18:39:28] [modloading-worker-0/INFO] - betterdeserttemples: 1.20-Forge-3.0.3
[18:39:28] [modloading-worker-0/INFO] - betterdungeons: 1.20-Forge-4.0.4
[18:39:28] [modloading-worker-0/INFO] - betterendisland: 1.20-Forge-2.0.6
[18:39:28] [modloading-worker-0/INFO] - betterfortresses: 1.20-Forge-2.0.6
[18:39:28] [modloading-worker-0/INFO] - betterjukebox: 1.20-1.3
[18:39:28] [modloading-worker-0/INFO] - betterjungletemples: 1.20-Forge-2.0.5
[18:39:28] [modloading-worker-0/INFO] - bettermcdonaldsmod: 1.20.1-3.1.0
[18:39:28] [modloading-worker-0/INFO] - bettermineshafts: 1.20-Forge-4.0.4
[18:39:28] [modloading-worker-0/INFO] - betteroceanmonuments: 1.20-Forge-3.0.4
[18:39:28] [modloading-worker-0/INFO] - betterstrongholds: 1.20-Forge-4.0.3
[18:39:28] [modloading-worker-0/INFO] - betterwitchhuts: 1.20-Forge-3.0.3
[18:39:28] [modloading-worker-0/INFO] - bloodybits: 1.2.1-1.20.1
[18:39:28] [modloading-worker-0/INFO] - bountiful: 6.0.4+1.20.1
[18:39:28] [modloading-worker-0/INFO] - cataclysm: 2.27
[18:39:28] [modloading-worker-0/INFO] - chat_heads: 0.13.7
[18:39:28] [modloading-worker-0/INFO] - chunksending: 1.20.1-2.8
[18:39:28] [modloading-worker-0/INFO] - citadel: 2.6.0
[18:39:28] [modloading-worker-0/INFO] - cloth_config: 11.1.136
[18:39:28] [modloading-worker-0/INFO] - clumps: 12.0.0.4
[18:39:28] [modloading-worker-0/INFO] - configured: 2.2.3
[18:39:28] [modloading-worker-0/INFO] - connectivity: 1.20.1-6.1
[18:39:28] [modloading-worker-0/INFO] - controlling: 12.0.2
[18:39:28] [modloading-worker-0/INFO] - corgilib: 4.0.3.2
[18:39:28] [modloading-worker-0/INFO] - coroutil: 1.20.1-1.3.7
[18:39:28] [modloading-worker-0/INFO] - create: 0.5.1.j
[18:39:28] [modloading-worker-0/INFO] - creativecore: 2.12.25
[18:39:28] [modloading-worker-0/INFO] - creeperoverhaul: 3.0.2
[18:39:28] [modloading-worker-0/INFO] - cristellib: 1.1.6
[18:39:28] [modloading-worker-0/INFO] - ctov: 3.4.10
[18:39:28] [modloading-worker-0/INFO] - cumulus_menus: 1.20.1-1.0.1-neoforge
[18:39:28] [modloading-worker-0/INFO] - cupboard: 1.20.1-2.7
[18:39:28] [modloading-worker-0/INFO] - curios: 5.11.0+1.20.1
[18:39:28] [modloading-worker-0/INFO] - decorative_blocks: 4.1.3
[18:39:28] [modloading-worker-0/INFO] - default_skill_trees: 1.1
[18:39:28] [modloading-worker-0/INFO] - dragonseeker: 1.2.0-1.20.1
[18:39:28] [modloading-worker-0/INFO] - dummmmmmy: 1.20-2.0.2
[18:39:28] [modloading-worker-0/INFO] - elevatorid: 1.20.1-lex-1.9
[18:39:28] [modloading-worker-0/INFO] - embeddium: 0.3.31+mc1.20.1
[18:39:28] [modloading-worker-0/INFO] - enhancedcelestials: 1.20.1-5.0.1.0
[18:39:28] [modloading-worker-0/INFO] - entityculling: 1.7.2
[18:39:28] [modloading-worker-0/INFO] - expandability: 9.0.4
[18:39:28] [modloading-worker-0/INFO] - fabric_api_base: 0.4.31+ef105b4977
[18:39:28] [modloading-worker-0/INFO] - fabric_renderer_api_v1: 3.2.1+1d29b44577
[18:39:28] [modloading-worker-0/INFO] - fabric_renderer_indigo: 1.5.2+b5b2da4177
[18:39:28] [modloading-worker-0/INFO] - fastasyncworldsave: 1.20.1-2.0
[18:39:28] [modloading-worker-0/INFO] - fastsuite: 5.0.1
[18:39:28] [modloading-worker-0/INFO] - ferritecore: 6.0.1
[18:39:28] [modloading-worker-0/INFO] - flywheel: 0.6.11-13
[18:39:28] [modloading-worker-0/INFO] - forge: 47.3.7
[18:39:28] [modloading-worker-0/INFO] - framework: 0.7.12
[18:39:28] [modloading-worker-0/INFO] - geckolib: 4.4.9
[18:39:28] [modloading-worker-0/INFO] - goblintraders: 1.9.3
[18:39:28] [modloading-worker-0/INFO] - gravestone: 1.20.1-1.0.24
[18:39:28] [modloading-worker-0/INFO] - guardvillagers: 1.20.1-1.6.7
[18:39:28] [modloading-worker-0/INFO] - gundurability: 1.0.0
[18:39:28] [modloading-worker-0/INFO] - handcrafted: 3.0.6
[18:39:28] [modloading-worker-0/INFO] - highlighter: 1.1.9
[18:39:28] [modloading-worker-0/INFO] - iceandfire: 2.1.13-1.20.1
[18:39:28] [modloading-worker-0/INFO] - iceandfirebettercombat: 1.0
[18:39:28] [modloading-worker-0/INFO] - iceberg: 1.1.25
[18:39:28] [modloading-worker-0/INFO] - immediatelyfast: 1.3.3+1.20.4
[18:39:28] [modloading-worker-0/INFO] - ironchest: 1.20.1-14.4.4
[18:39:28] [modloading-worker-0/INFO] - ironfurnaces: 4.1.6
[18:39:28] [modloading-worker-0/INFO] - jade: 11.11.1+forge
[18:39:28] [modloading-worker-0/INFO] - jadeaddons: 5.3.1+forge
[18:39:28] [modloading-worker-0/INFO] - jei: 15.9999
[18:39:28] [modloading-worker-0/INFO] - kambrik: 6.1.1+1.20.1
[18:39:28] [modloading-worker-0/INFO] - kiwi: 11.6.2
[18:39:28] [modloading-worker-0/INFO] - konkrete: 1.8.0
[18:39:28] [modloading-worker-0/INFO] - kotlinforforge: 4.11.0
[18:39:28] [modloading-worker-0/INFO] - kuma_api: 20.1.8
[18:39:28] [modloading-worker-0/INFO] - leavesbegone: 8.0.0
[18:39:28] [modloading-worker-0/INFO] - letmedespawn: 1.4.4
[18:39:28] [modloading-worker-0/INFO] - lionfishapi: 2.4-Fix
[18:39:28] [modloading-worker-0/INFO] - lithostitched: 1.3.8
[18:39:28] [modloading-worker-0/INFO] - mca: 7.5.21+1.20.1
[18:39:28] [modloading-worker-0/INFO] - mcwbridges: 3.0.0
[18:39:28] [modloading-worker-0/INFO] - mcwdoors: 1.1.1
[18:39:28] [modloading-worker-0/INFO] - mcwfences: 1.1.2
[18:39:28] [modloading-worker-0/INFO] - mcwfurnitures: 3.3.0
[18:39:28] [modloading-worker-0/INFO] - mcwlights: 1.1.0
[18:39:28] [modloading-worker-0/INFO] - mcwroofs: 2.3.1
[18:39:28] [modloading-worker-0/INFO] - mcwtrpdoors: 1.1.4
[18:39:28] [modloading-worker-0/INFO] - mcwwindows: 2.3.0
[18:39:28] [modloading-worker-0/INFO] - minecraft: 1.20.1
[18:39:28] [modloading-worker-0/INFO] - mixinextras: 0.4.1
[18:39:28] [modloading-worker-0/INFO] - mixinsquared: 0.1.1
[18:39:28] [modloading-worker-0/INFO] - modernfix: 5.19.6+mc1.20.1
[18:39:28] [modloading-worker-0/INFO] - moonlight: 1.20-2.13.37
[18:39:28] [modloading-worker-0/INFO] - mowziesmobs: 1.6.4
[18:39:28] [modloading-worker-0/INFO] - mvs: 4.1.4-1.20-forge
[18:39:28] [modloading-worker-0/INFO] - netherportalfix: 13.0.1
[18:39:28] [modloading-worker-0/INFO] - nitrogen_internals: 1.20.1-1.0.11-neoforge
[18:39:28] [modloading-worker-0/INFO] - patchouli: 1.20.1-84-FORGE
[18:39:28] [modloading-worker-0/INFO] - placebo: 8.6.2
[18:39:28] [modloading-worker-0/INFO] - playeranimator: 1.0.2-rc1+1.20
[18:39:28] [modloading-worker-0/INFO] - pointblank: 1.7.6
[18:39:28] [modloading-worker-0/INFO] - prism: 1.0.5
[18:39:28] [modloading-worker-0/INFO] - puffish_attributes: 0.6.6
[18:39:28] [modloading-worker-0/INFO] - puffish_skills: 0.14.3
[18:39:28] [modloading-worker-0/INFO] - puzzlesaccessapi: 8.0.7
[18:39:28] [modloading-worker-0/INFO] - puzzleslib: 8.1.25
[18:39:28] [modloading-worker-0/INFO] - railways: 1.6.7+forge-mc1.20.1
[18:39:28] [modloading-worker-0/INFO] - recipeessentials: 1.20.1-3.6
[18:39:28] [modloading-worker-0/INFO] - refurbished_furniture: 1.0.8
[18:39:28] [modloading-worker-0/INFO] - rei_plugin_compatibilities: 12.0.93
[18:39:28] [modloading-worker-0/INFO] - repurposed_structures: 7.1.15+1.20.1-forge
[18:39:28] [modloading-worker-0/INFO] - resourcefulconfig: 2.1.2
[18:39:28] [modloading-worker-0/INFO] - resourcefullib: 2.1.29
[18:39:28] [modloading-worker-0/INFO] - roughlyenoughitems: 12.1.785
[18:39:28] [modloading-worker-0/INFO] - rubidium: 0.7.1
[18:39:28] [modloading-worker-0/INFO] - searchables: 1.0.3
[18:39:28] [modloading-worker-0/INFO] - simplelogin: 1.0.1
[18:39:28] [modloading-worker-0/INFO] - smoothchunk: 1.20.1-3.8
[18:39:28] [modloading-worker-0/INFO] - snowrealmagic: 10.5.2
[18:39:28] [modloading-worker-0/INFO] - sodiumdynamiclights: 1.0.9
[18:39:28] [modloading-worker-0/INFO] - sodiumoptionsapi: 1.0.8
[18:39:28] [modloading-worker-0/INFO] - sophisticatedbackpacks: 3.20.17.1150
[18:39:28] [modloading-worker-0/INFO] - sophisticatedcore: 1.0.0.807
[18:39:28] [modloading-worker-0/INFO] - sound_physics_remastered: 1.20.1-1.4.7
[18:39:28] [modloading-worker-0/INFO] - structureessentials: 1.20.1-3.4
[18:39:28] [modloading-worker-0/INFO] - supermartijn642configlib: 1.1.8
[18:39:28] [modloading-worker-0/INFO] - supplementaries: 1.20-3.1.11
[18:39:28] [modloading-worker-0/INFO] - t_and_t: 0.0NONE
[18:39:28] [modloading-worker-0/INFO] - tacz: 1.0.3
[18:39:28] [modloading-worker-0/INFO] - terralith: 2.5.4
[18:39:28] [modloading-worker-0/INFO] - torchmaster: 20.1.9
[18:39:28] [modloading-worker-0/INFO] - trashslot: 15.1.0
[18:39:28] [modloading-worker-0/INFO] - twilightforest: 4.3.2508
[18:39:28] [modloading-worker-0/INFO] - voicechat: 1.20.1-2.5.26
[18:39:28] [modloading-worker-0/INFO] - watut: 1.20.1-1.1.3
[18:39:28] [modloading-worker-0/INFO] - waystones: 14.1.6
[18:39:28] [modloading-worker-0/INFO] - yungsapi: 1.20-Forge-4.0.6
[18:39:28] [modloading-worker-0/INFO] - yungsbridges: 1.20-Forge-4.0.3
[18:39:28] [modloading-worker-0/INFO] ========================================
[18:39:28] [modloading-worker-0/INFO] [REI] Registered plugin provider AetherREIServerPlugin [aether] for REIPlugin
[18:39:28] [modloading-worker-0/INFO] [REI] Registered plugin provider DefaultPluginImpl [roughlyenoughitems] for REIServerPlugin
[18:39:28] [modloading-worker-0/INFO] [REI] Registered plugin provider DefaultPluginImpl [roughlyenoughitems] for REIPlugin
[18:39:28] [modloading-worker-0/INFO] [REI] Registered plugin provider DefaultRuntimePlugin [roughlyenoughitems] for REIServerPlugin
[18:39:28] [modloading-worker-0/INFO] [REI] Registered plugin provider DefaultRuntimePlugin [roughlyenoughitems] for REIPlugin
[18:39:28] [modloading-worker-0/INFO] [REI] Registered plugin provider AetherREIServerPlugin [aether] for REIServerPlugin
[18:39:43] [Worker-Main-3/DEBUG] [REI] Processed 40 tags in 1.007 ms for minecraft:banner_pattern
[18:39:43] [Worker-Main-4/DEBUG] [REI] Processed 0 tags in 68.83 μs for minecraft:worldgen/structure
[18:39:43] [Worker-Main-4/DEBUG] [REI] Processed 0 tags in 8.025 μs for minecraft:worldgen/flat_level_generator_preset
[18:39:43] [Worker-Main-2/DEBUG] [REI] Processed 3 tags in 108.3 μs for minecraft:point_of_interest_type
[18:39:43] [Worker-Main-3/DEBUG] [REI] Processed 1 tags in 6.903 μs for minecraft:recipe_serializer
[18:39:43] [Worker-Main-3/DEBUG] [REI] Processed 5 tags in 194.9 μs for minecraft:game_event
[18:39:43] [Worker-Main-4/DEBUG] [REI] Processed 3 tags in 23.58 μs for minecraft:instrument
[18:39:43] [Worker-Main-4/DEBUG] [REI] Processed 2 tags in 31.19 μs for minecraft:block_entity_type
[18:39:43] [Worker-Main-3/DEBUG] [REI] Processed 0 tags in 4.889 μs for minecraft:worldgen/processor_list
[18:39:43] [Worker-Main-2/DEBUG] [REI] Processed 0 tags in 12.19 μs for twilight:wood_palettes
[18:39:43] [Worker-Main-4/DEBUG] [REI] Processed 1 tags in 14.23 μs for minecraft:potion
[18:39:43] [Worker-Main-4/DEBUG] [REI] Processed 1 tags in 646.1 μs for minecraft:attribute
[18:39:44] [Worker-Main-2/DEBUG] [REI] Processed 2 tags in 55.94 μs for minecraft:painting_variant
[18:39:44] [Worker-Main-3/DEBUG] [REI] Processed 1 tags in 14.65 μs for minecraft:enchantment
[18:39:44] [Worker-Main-4/DEBUG] [REI] Processed 0 tags in 4.558 μs for minecraft:worldgen/world_preset
[18:39:44] [Worker-Main-2/DEBUG] [REI] Processed 5 tags in 28.82 μs for minecraft:sound_event
[18:39:44] [Worker-Main-3/DEBUG] [REI] Processed 17 tags in 123.9 μs for minecraft:fluid
[18:39:44] [Worker-Main-4/DEBUG] [REI] Processed 3 tags in 63.06 μs for minecraft:mob_effect
[18:39:44] [Worker-Main-4/DEBUG] [REI] Processed 171 tags in 1.193 ms for minecraft:entity_type
[18:39:44] [Worker-Main-3/DEBUG] [REI] Processed 0 tags in 9.628 μs for minecraft:worldgen/structure_set
[18:39:44] [Worker-Main-4/DEBUG] [REI] Processed 0 tags in 9.137 μs for moonlight:soft_fluids
[18:39:44] [Worker-Main-3/DEBUG] [REI] Processed 0 tags in 24.85 μs for enhancedcelestials:lunar/event
[18:39:44] [Worker-Main-4/DEBUG] [REI] Processed 0 tags in 138.3 μs for minecraft:worldgen/biome
[18:39:44] [Worker-Main-2/DEBUG] [REI] Processed 764 tags in 9.208 ms for minecraft:block
[18:39:44] [Worker-Main-2/DEBUG] [REI] Processed 2 tags in 38.56 μs for minecraft:cat_variant
[18:39:44] [Worker-Main-2/DEBUG] [REI] Processed 0 tags in 17.41 μs for minecraft:damage_type
[18:39:44] [Worker-Main-3/DEBUG] [REI] Processed 988 tags in 9.749 ms for minecraft:item
[18:39:46] [main/DEBUG] [REI] Starting Reload Plugins of stage null
java.lang.Throwable
	at TRANSFORMER/roughlyenoughitems@12.1.785/me.shedaniel.rei.impl.common.plugins.ReloadManagerImpl.reloadPlugins(ReloadManagerImpl.java:110)
	at TRANSFORMER/roughlyenoughitems@12.1.785/me.shedaniel.rei.RoughlyEnoughItemsCore.lambda$onInitialize$5(RoughlyEnoughItemsCore.java:163)
	at java.base/java.util.concurrent.CompletableFuture$UniRun.tryFire(CompletableFuture.java:787)
	at java.base/java.util.concurrent.CompletableFuture$Completion.run(CompletableFuture.java:482)
	at TRANSFORMER/minecraft@1.20.1/net.minecraft.server.packs.resources.SimpleReloadInstance.m_143940_(SimpleReloadInstance.java:69)
	at TRANSFORMER/minecraft@1.20.1/net.minecraft.Util.m_214652_(Util.java:783)
	at TRANSFORMER/minecraft@1.20.1/net.minecraft.Util.m_214679_(Util.java:772)
	at TRANSFORMER/minecraft@1.20.1/net.minecraft.server.Main.main(Main.java:166)
	at java.base/jdk.internal.reflect.DirectMethodHandleAccessor.invoke(DirectMethodHandleAccessor.java:103)
	at java.base/java.lang.reflect.Method.invoke(Method.java:580)
	at MC-BOOTSTRAP/fmlloader@1.20.1-47.3.7/net.minecraftforge.fml.loading.targets.CommonLaunchHandler.runTarget(CommonLaunchHandler.java:111)
	at MC-BOOTSTRAP/fmlloader@1.20.1-47.3.7/net.minecraftforge.fml.loading.targets.CommonLaunchHandler.serverService(CommonLaunchHandler.java:103)
	at MC-BOOTSTRAP/fmlloader@1.20.1-47.3.7/net.minecraftforge.fml.loading.targets.CommonServerLaunchHandler.lambda$makeService$0(CommonServerLaunchHandler.java:27)
	at MC-BOOTSTRAP/cpw.mods.modlauncher@10.0.9/cpw.mods.modlauncher.LaunchServiceHandlerDecorator.launch(LaunchServiceHandlerDecorator.java:30)
	at MC-BOOTSTRAP/cpw.mods.modlauncher@10.0.9/cpw.mods.modlauncher.LaunchServiceHandler.launch(LaunchServiceHandler.java:53)
	at MC-BOOTSTRAP/cpw.mods.modlauncher@10.0.9/cpw.mods.modlauncher.LaunchServiceHandler.launch(LaunchServiceHandler.java:71)
	at MC-BOOTSTRAP/cpw.mods.modlauncher@10.0.9/cpw.mods.modlauncher.Launcher.run(Launcher.java:108)
	at MC-BOOTSTRAP/cpw.mods.modlauncher@10.0.9/cpw.mods.modlauncher.Launcher.main(Launcher.java:78)
	at MC-BOOTSTRAP/cpw.mods.modlauncher@10.0.9/cpw.mods.modlauncher.BootstrapLaunchConsumer.accept(BootstrapLaunchConsumer.java:26)
	at MC-BOOTSTRAP/cpw.mods.modlauncher@10.0.9/cpw.mods.modlauncher.BootstrapLaunchConsumer.accept(BootstrapLaunchConsumer.java:23)
	at cpw.mods.bootstraplauncher@1.1.2/cpw.mods.bootstraplauncher.BootstrapLauncher.main(BootstrapLauncher.java:141)
[18:39:46] [main/DEBUG] [REI] ========================================
[18:39:46] [main/DEBUG] [REI] REIPlugin starting pre-reload for START.
[18:39:46] [main/DEBUG] [REI] Reloadables (7):
[18:39:46] [main/DEBUG] [REI]  - EntryTypeRegistryImpl
[18:39:46] [main/DEBUG] [REI]  - EntrySettingsAdapterRegistryImpl
[18:39:46] [main/DEBUG] [REI]  - RecipeManagerContextImpl
[18:39:46] [main/DEBUG] [REI]  - ItemComparatorRegistryImpl
[18:39:46] [main/DEBUG] [REI]  - FluidComparatorRegistryImpl
[18:39:46] [main/DEBUG] [REI]  - DisplaySerializerRegistryImpl
[18:39:46] [main/DEBUG] [REI]  - FluidSupportProviderImpl
[18:39:46] [main/DEBUG] [REI] Plugins (3):
[18:39:46] [main/DEBUG] [REI]  - (-100.00) DefaultPluginImpl of DefaultPluginImpl [roughlyenoughitems]
[18:39:46] [main/DEBUG] [REI]  - (0.00) DefaultRuntimePlugin of DefaultRuntimePlugin [roughlyenoughitems]
[18:39:46] [main/DEBUG] [REI]  - (0.00) AetherREIServerPlugin of AetherREIServerPlugin [aether]
[18:39:46] [main/DEBUG] [REI] ========================================
[18:39:46] [main/TRACE] [REI] [REIPlugin START] Reloading Section: "pre-register/"
[18:39:46] [main/TRACE] [REI] [REIPlugin START] Reloading Section: "pre-register/DefaultPluginImpl of DefaultPluginImpl [roughlyenoughitems]/"
[18:39:46] [main/TRACE] [REI] [REIPlugin START] Reloading Section: "pre-register/DefaultPluginImpl of DefaultPluginImpl [roughlyenoughitems]/" done in 586.2 μs
[18:39:46] [main/TRACE] [REI] [REIPlugin START] Reloading Section: "pre-register/DefaultRuntimePlugin of DefaultRuntimePlugin [roughlyenoughitems]/"
[18:39:46] [main/TRACE] [REI] [REIPlugin START] Reloading Section: "pre-register/DefaultRuntimePlugin of DefaultRuntimePlugin [roughlyenoughitems]/" done in 56.53 μs
[18:39:46] [main/TRACE] [REI] [REIPlugin START] Reloading Section: "pre-register/AetherREIServerPlugin of AetherREIServerPlugin [aether]/"
[18:39:46] [main/TRACE] [REI] [REIPlugin START] Reloading Section: "pre-register/AetherREIServerPlugin of AetherREIServerPlugin [aether]/" done in 46.36 μs
[18:39:46] [main/TRACE] [REI] [REIPlugin START] Reloading Section: "pre-register/" done in 8.133 ms
[18:39:46] [main/TRACE] [REI] [REIPlugin START] Reloading Section: "pre-stage/"
[18:39:46] [main/TRACE] [REI] [REIPlugin START] Reloading Section: "pre-stage/EntryTypeRegistryImpl/"
[18:39:46] [main/TRACE] [REI] [REIPlugin START] Reloading Section: "pre-stage/EntryTypeRegistryImpl/" done in 194.3 μs
[18:39:46] [main/TRACE] [REI] [REIPlugin START] Reloading Section: "pre-stage/EntrySettingsAdapterRegistryImpl/"
[18:39:46] [main/TRACE] [REI] [REIPlugin START] Reloading Section: "pre-stage/EntrySettingsAdapterRegistryImpl/" done in 48.06 μs
[18:39:46] [main/TRACE] [REI] [REIPlugin START] Reloading Section: "pre-stage/RecipeManagerContextImpl/"
[18:39:46] [main/TRACE] [REI] [REIPlugin START] Reloading Section: "pre-stage/RecipeManagerContextImpl/" done in 41.92 μs
[18:39:46] [main/TRACE] [REI] [REIPlugin START] Reloading Section: "pre-stage/ItemComparatorRegistryImpl/"
[18:39:46] [main/TRACE] [REI] [REIPlugin START] Reloading Section: "pre-stage/ItemComparatorRegistryImpl/" done in 43.44 μs
[18:39:46] [main/TRACE] [REI] [REIPlugin START] Reloading Section: "pre-stage/FluidComparatorRegistryImpl/"
[18:39:46] [main/TRACE] [REI] [REIPlugin START] Reloading Section: "pre-stage/FluidComparatorRegistryImpl/" done in 41.33 μs
[18:39:46] [main/TRACE] [REI] [REIPlugin START] Reloading Section: "pre-stage/DisplaySerializerRegistryImpl/"
[18:39:46] [main/TRACE] [REI] [REIPlugin START] Reloading Section: "pre-stage/DisplaySerializerRegistryImpl/" done in 43.72 μs
[18:39:46] [main/TRACE] [REI] [REIPlugin START] Reloading Section: "pre-stage/FluidSupportProviderImpl/"
[18:39:46] [main/TRACE] [REI] [REIPlugin START] Reloading Section: "pre-stage/FluidSupportProviderImpl/" done in 44.09 μs
[18:39:46] [main/TRACE] [REI] [REIPlugin START] Reloading Section: "pre-stage/" done in 1.004 ms
[18:39:46] [main/DEBUG] [REI] ========================================
[18:39:46] [main/DEBUG] [REI] REIPlugin finished pre-reload for START in 9.693 ms.
[18:39:46] [main/DEBUG] [REI] ========================================
[18:39:46] [main/DEBUG] [REI] ========================================
[18:39:46] [main/DEBUG] [REI] REIServerPlugin starting pre-reload for START.
[18:39:46] [main/DEBUG] [REI] Reloadables (2):
[18:39:46] [main/DEBUG] [REI]  - MenuInfoRegistryImpl
[18:39:46] [main/DEBUG] [REI]  - SlotAccessorRegistryImpl
[18:39:46] [main/DEBUG] [REI] Plugins (3):
[18:39:46] [main/DEBUG] [REI]  - (-100.00) DefaultPluginImpl of DefaultPluginImpl [roughlyenoughitems]
[18:39:46] [main/DEBUG] [REI]  - (0.00) AetherREIServerPlugin of AetherREIServerPlugin [aether]
[18:39:46] [main/DEBUG] [REI]  - (0.00) DefaultRuntimePlugin of DefaultRuntimePlugin [roughlyenoughitems]
[18:39:46] [main/DEBUG] [REI] ========================================
[18:39:46] [main/TRACE] [REI] [REIServerPlugin START] Reloading Section: "pre-register/"
[18:39:46] [main/TRACE] [REI] [REIServerPlugin START] Reloading Section: "pre-register/DefaultPluginImpl of DefaultPluginImpl [roughlyenoughitems]/"
[18:39:46] [main/TRACE] [REI] [REIServerPlugin START] Reloading Section: "pre-register/DefaultPluginImpl of DefaultPluginImpl [roughlyenoughitems]/" done in 54.64 μs
[18:39:46] [main/TRACE] [REI] [REIServerPlugin START] Reloading Section: "pre-register/AetherREIServerPlugin of AetherREIServerPlugin [aether]/"
[18:39:46] [main/TRACE] [REI] [REIServerPlugin START] Reloading Section: "pre-register/AetherREIServerPlugin of AetherREIServerPlugin [aether]/" done in 44.13 μs
[18:39:46] [main/TRACE] [REI] [REIServerPlugin START] Reloading Section: "pre-register/DefaultRuntimePlugin of DefaultRuntimePlugin [roughlyenoughitems]/"
[18:39:46] [main/TRACE] [REI] [REIServerPlugin START] Reloading Section: "pre-register/DefaultRuntimePlugin of DefaultRuntimePlugin [roughlyenoughitems]/" done in 42.22 μs
[18:39:46] [main/TRACE] [REI] [REIServerPlugin START] Reloading Section: "pre-register/" done in 383.1 μs
[18:39:46] [main/TRACE] [REI] [REIServerPlugin START] Reloading Section: "pre-stage/"
[18:39:46] [main/TRACE] [REI] [REIServerPlugin START] Reloading Section: "pre-stage/MenuInfoRegistryImpl/"
[18:39:46] [main/TRACE] [REI] [REIServerPlugin START] Reloading Section: "pre-stage/MenuInfoRegistryImpl/" done in 39.05 μs
[18:39:46] [main/TRACE] [REI] [REIServerPlugin START] Reloading Section: "pre-stage/SlotAccessorRegistryImpl/"
[18:39:46] [main/TRACE] [REI] [REIServerPlugin START] Reloading Section: "pre-stage/SlotAccessorRegistryImpl/" done in 76.80 μs
[18:39:46] [main/TRACE] [REI] [REIServerPlugin START] Reloading Section: "pre-stage/" done in 277.2 μs
[18:39:46] [main/DEBUG] [REI] ========================================
[18:39:46] [main/DEBUG] [REI] REIServerPlugin finished pre-reload for START in 772.6 μs.
[18:39:46] [main/DEBUG] [REI] ========================================
[18:39:46] [main/INFO] [REI] ----------------------------------------
[18:39:46] [main/INFO] [REI] REIPlugin starting main-reload for START.
[18:39:46] [main/DEBUG] [REI] Reloadables (7):
[18:39:46] [main/DEBUG] [REI]  - EntryTypeRegistryImpl
[18:39:46] [main/DEBUG] [REI]  - EntrySettingsAdapterRegistryImpl
[18:39:46] [main/DEBUG] [REI]  - RecipeManagerContextImpl
[18:39:46] [main/DEBUG] [REI]  - ItemComparatorRegistryImpl
[18:39:46] [main/DEBUG] [REI]  - FluidComparatorRegistryImpl
[18:39:46] [main/DEBUG] [REI]  - DisplaySerializerRegistryImpl
[18:39:46] [main/DEBUG] [REI]  - FluidSupportProviderImpl
[18:39:46] [main/INFO] [REI] Plugins (3):
[18:39:46] [main/INFO] [REI]  - (-100.00) DefaultPluginImpl of DefaultPluginImpl [roughlyenoughitems]
[18:39:46] [main/INFO] [REI]  - (0.00) DefaultRuntimePlugin of DefaultRuntimePlugin [roughlyenoughitems]
[18:39:46] [main/INFO] [REI]  - (0.00) AetherREIServerPlugin of AetherREIServerPlugin [aether]
[18:39:46] [main/INFO] [REI] ----------------------------------------
[18:39:46] [main/TRACE] [REI] [REIPlugin START] Reloading Section: "start-reload/"
[18:39:46] [main/TRACE] [REI] [REIPlugin START] Reloading Section: "start-reload/EntryTypeRegistryImpl/"
[18:39:46] [main/TRACE] [REI] [REIPlugin START] Reloading Section: "start-reload/EntryTypeRegistryImpl/" done in 78.84 μs
[18:39:46] [main/TRACE] [REI] [REIPlugin START] Reloading Section: "start-reload/EntrySettingsAdapterRegistryImpl/"
[18:39:46] [main/TRACE] [REI] [REIPlugin START] Reloading Section: "start-reload/EntrySettingsAdapterRegistryImpl/" done in 47.77 μs
[18:39:46] [main/TRACE] [REI] [REIPlugin START] Reloading Section: "start-reload/RecipeManagerContextImpl/"
[18:39:46] [main/TRACE] [REI] [REIPlugin START] Reloading Section: "start-reload/RecipeManagerContextImpl/" done in 40.57 μs
[18:39:46] [main/TRACE] [REI] [REIPlugin START] Reloading Section: "start-reload/ItemComparatorRegistryImpl/"
[18:39:46] [main/TRACE] [REI] [REIPlugin START] Reloading Section: "start-reload/ItemComparatorRegistryImpl/" done in 67.22 μs
[18:39:46] [main/TRACE] [REI] [REIPlugin START] Reloading Section: "start-reload/FluidComparatorRegistryImpl/"
[18:39:46] [main/TRACE] [REI] [REIPlugin START] Reloading Section: "start-reload/FluidComparatorRegistryImpl/" done in 47.69 μs
[18:39:46] [main/TRACE] [REI] [REIPlugin START] Reloading Section: "start-reload/DisplaySerializerRegistryImpl/"
[18:39:46] [main/TRACE] [REI] [REIPlugin START] Reloading Section: "start-reload/DisplaySerializerRegistryImpl/" done in 40.68 μs
[18:39:46] [main/TRACE] [REI] [REIPlugin START] Reloading Section: "start-reload/FluidSupportProviderImpl/"
[18:39:46] [main/TRACE] [REI] [REIPlugin START] Reloading Section: "start-reload/FluidSupportProviderImpl/" done in 50.82 μs
[18:39:46] [main/TRACE] [REI] [REIPlugin START] Reloading Section: "start-reload/" done in 936.2 μs
[18:39:46] [main/DEBUG] [REI] ========================================
[18:39:46] [main/DEBUG] [REI] REIPlugin started main-reload for START.
[18:39:46] [main/DEBUG] [REI] ========================================
[18:39:46] [main/TRACE] [REI] [REIPlugin START] Reloading Section: "reloadable-plugin/EntryTypeRegistryImpl/"
[18:39:46] [main/TRACE] [REI] [REIPlugin START] Reloading Section: "reloadable-plugin/EntryTypeRegistryImpl/DefaultPluginImpl of DefaultPluginImpl [roughlyenoughitems]/"
[18:39:46] [main/TRACE] [REI] [REIPlugin START] Reloading Section: "reloadable-plugin/EntryTypeRegistryImpl/DefaultPluginImpl of DefaultPluginImpl [roughlyenoughitems]/" done in 216.5 μs
[18:39:46] [main/TRACE] [REI] [REIPlugin START] Reloading Section: "reloadable-plugin/EntryTypeRegistryImpl/DefaultRuntimePlugin of DefaultRuntimePlugin [roughlyenoughitems]/"
[18:39:46] [main/TRACE] [REI] [REIPlugin START] Reloading Section: "reloadable-plugin/EntryTypeRegistryImpl/DefaultRuntimePlugin of DefaultRuntimePlugin [roughlyenoughitems]/" done in 5.688 ms
[18:39:46] [main/TRACE] [REI] [REIPlugin START] Reloading Section: "reloadable-plugin/EntryTypeRegistryImpl/AetherREIServerPlugin of AetherREIServerPlugin [aether]/"
[18:39:46] [main/TRACE] [REI] [REIPlugin START] Reloading Section: "reloadable-plugin/EntryTypeRegistryImpl/AetherREIServerPlugin of AetherREIServerPlugin [aether]/" done in 61.45 μs
[18:39:46] [main/TRACE] [REI] [REIPlugin START] Reloading Section: "reloadable-plugin/EntryTypeRegistryImpl/" done in 6.508 ms
[18:39:46] [main/TRACE] [REI] [REIPlugin START] Reloading Section: "reloadable-plugin/EntrySettingsAdapterRegistryImpl/"
[18:39:46] [main/TRACE] [REI] [REIPlugin START] Reloading Section: "reloadable-plugin/EntrySettingsAdapterRegistryImpl/DefaultPluginImpl of DefaultPluginImpl [roughlyenoughitems]/"
[18:39:46] [main/TRACE] [REI] [REIPlugin START] Reloading Section: "reloadable-plugin/EntrySettingsAdapterRegistryImpl/DefaultPluginImpl of DefaultPluginImpl [roughlyenoughitems]/" done in 50.12 μs
[18:39:46] [main/TRACE] [REI] [REIPlugin START] Reloading Section: "reloadable-plugin/EntrySettingsAdapterRegistryImpl/DefaultRuntimePlugin of DefaultRuntimePlugin [roughlyenoughitems]/"
[18:39:46] [main/TRACE] [REI] [REIPlugin START] Reloading Section: "reloadable-plugin/EntrySettingsAdapterRegistryImpl/DefaultRuntimePlugin of DefaultRuntimePlugin [roughlyenoughitems]/" done in 50.17 μs
[18:39:46] [main/TRACE] [REI] [REIPlugin START] Reloading Section: "reloadable-plugin/EntrySettingsAdapterRegistryImpl/AetherREIServerPlugin of AetherREIServerPlugin [aether]/"
[18:39:46] [main/TRACE] [REI] [REIPlugin START] Reloading Section: "reloadable-plugin/EntrySettingsAdapterRegistryImpl/AetherREIServerPlugin of AetherREIServerPlugin [aether]/" done in 48.56 μs
[18:39:46] [main/TRACE] [REI] [REIPlugin START] Reloading Section: "reloadable-plugin/EntrySettingsAdapterRegistryImpl/" done in 418.1 μs
[18:39:46] [main/TRACE] [REI] [REIPlugin START] Reloading Section: "reloadable-plugin/RecipeManagerContextImpl/"
[18:39:46] [main/TRACE] [REI] [REIPlugin START] Reloading Section: "reloadable-plugin/RecipeManagerContextImpl/DefaultPluginImpl of DefaultPluginImpl [roughlyenoughitems]/"
[18:39:46] [main/TRACE] [REI] [REIPlugin START] Reloading Section: "reloadable-plugin/RecipeManagerContextImpl/DefaultPluginImpl of DefaultPluginImpl [roughlyenoughitems]/" done in 47.54 μs
[18:39:46] [main/TRACE] [REI] [REIPlugin START] Reloading Section: "reloadable-plugin/RecipeManagerContextImpl/DefaultRuntimePlugin of DefaultRuntimePlugin [roughlyenoughitems]/"
[18:39:46] [main/TRACE] [REI] [REIPlugin START] Reloading Section: "reloadable-plugin/RecipeManagerContextImpl/DefaultRuntimePlugin of DefaultRuntimePlugin [roughlyenoughitems]/" done in 49.44 μs
[18:39:46] [main/TRACE] [REI] [REIPlugin START] Reloading Section: "reloadable-plugin/RecipeManagerContextImpl/AetherREIServerPlugin of AetherREIServerPlugin [aether]/"
[18:39:46] [main/TRACE] [REI] [REIPlugin START] Reloading Section: "reloadable-plugin/RecipeManagerContextImpl/AetherREIServerPlugin of AetherREIServerPlugin [aether]/" done in 47.09 μs
[18:39:46] [main/TRACE] [REI] [REIPlugin START] Reloading Section: "reloadable-plugin/RecipeManagerContextImpl/" done in 407.6 μs
[18:39:46] [main/TRACE] [REI] [REIPlugin START] Reloading Section: "reloadable-plugin/ItemComparatorRegistryImpl/"
[18:39:46] [main/TRACE] [REI] [REIPlugin START] Reloading Section: "reloadable-plugin/ItemComparatorRegistryImpl/DefaultPluginImpl of DefaultPluginImpl [roughlyenoughitems]/"
[18:39:46] [main/TRACE] [REI] [REIPlugin START] Reloading Section: "reloadable-plugin/ItemComparatorRegistryImpl/DefaultPluginImpl of DefaultPluginImpl [roughlyenoughitems]/" done in 827.1 μs
[18:39:46] [main/TRACE] [REI] [REIPlugin START] Reloading Section: "reloadable-plugin/ItemComparatorRegistryImpl/DefaultRuntimePlugin of DefaultRuntimePlugin [roughlyenoughitems]/"
[18:39:46] [main/TRACE] [REI] [REIPlugin START] Reloading Section: "reloadable-plugin/ItemComparatorRegistryImpl/DefaultRuntimePlugin of DefaultRuntimePlugin [roughlyenoughitems]/" done in 54.91 μs
[18:39:46] [main/TRACE] [REI] [REIPlugin START] Reloading Section: "reloadable-plugin/ItemComparatorRegistryImpl/AetherREIServerPlugin of AetherREIServerPlugin [aether]/"
[18:39:46] [main/TRACE] [REI] [REIPlugin START] Reloading Section: "reloadable-plugin/ItemComparatorRegistryImpl/AetherREIServerPlugin of AetherREIServerPlugin [aether]/" done in 48.49 μs
[18:39:46] [main/TRACE] [REI] [REIPlugin START] Reloading Section: "reloadable-plugin/ItemComparatorRegistryImpl/" done in 1.239 ms
[18:39:46] [main/TRACE] [REI] [REIPlugin START] Reloading Section: "reloadable-plugin/FluidComparatorRegistryImpl/"
[18:39:46] [main/TRACE] [REI] [REIPlugin START] Reloading Section: "reloadable-plugin/FluidComparatorRegistryImpl/DefaultPluginImpl of DefaultPluginImpl [roughlyenoughitems]/"
[18:39:46] [main/TRACE] [REI] [REIPlugin START] Reloading Section: "reloadable-plugin/FluidComparatorRegistryImpl/DefaultPluginImpl of DefaultPluginImpl [roughlyenoughitems]/" done in 55.62 μs
[18:39:46] [main/TRACE] [REI] [REIPlugin START] Reloading Section: "reloadable-plugin/FluidComparatorRegistryImpl/DefaultRuntimePlugin of DefaultRuntimePlugin [roughlyenoughitems]/"
[18:39:46] [main/TRACE] [REI] [REIPlugin START] Reloading Section: "reloadable-plugin/FluidComparatorRegistryImpl/DefaultRuntimePlugin of DefaultRuntimePlugin [roughlyenoughitems]/" done in 48.01 μs
[18:39:46] [main/TRACE] [REI] [REIPlugin START] Reloading Section: "reloadable-plugin/FluidComparatorRegistryImpl/AetherREIServerPlugin of AetherREIServerPlugin [aether]/"
[18:39:46] [main/TRACE] [REI] [REIPlugin START] Reloading Section: "reloadable-plugin/FluidComparatorRegistryImpl/AetherREIServerPlugin of AetherREIServerPlugin [aether]/" done in 50.74 μs
[18:39:46] [main/TRACE] [REI] [REIPlugin START] Reloading Section: "reloadable-plugin/FluidComparatorRegistryImpl/" done in 438.1 μs
[18:39:46] [main/TRACE] [REI] [REIPlugin START] Reloading Section: "reloadable-plugin/DisplaySerializerRegistryImpl/"
[18:39:46] [main/TRACE] [REI] [REIPlugin START] Reloading Section: "reloadable-plugin/DisplaySerializerRegistryImpl/DefaultPluginImpl of DefaultPluginImpl [roughlyenoughitems]/"
[18:39:46] [main/TRACE] [REI] [REIPlugin START] Reloading Section: "reloadable-plugin/DisplaySerializerRegistryImpl/DefaultPluginImpl of DefaultPluginImpl [roughlyenoughitems]/" done in 48.33 μs
[18:39:46] [main/TRACE] [REI] [REIPlugin START] Reloading Section: "reloadable-plugin/DisplaySerializerRegistryImpl/DefaultRuntimePlugin of DefaultRuntimePlugin [roughlyenoughitems]/"
[18:39:46] [main/TRACE] [REI] [REIPlugin START] Reloading Section: "reloadable-plugin/DisplaySerializerRegistryImpl/DefaultRuntimePlugin of DefaultRuntimePlugin [roughlyenoughitems]/" done in 47.11 μs
[18:39:46] [main/TRACE] [REI] [REIPlugin START] Reloading Section: "reloadable-plugin/DisplaySerializerRegistryImpl/AetherREIServerPlugin of AetherREIServerPlugin [aether]/"
[18:39:46] [main/TRACE] [REI] [REIPlugin START] Reloading Section: "reloadable-plugin/DisplaySerializerRegistryImpl/AetherREIServerPlugin of AetherREIServerPlugin [aether]/" done in 47.00 μs
[18:39:46] [main/TRACE] [REI] [REIPlugin START] Reloading Section: "reloadable-plugin/DisplaySerializerRegistryImpl/" done in 387.2 μs
[18:39:46] [main/TRACE] [REI] [REIPlugin START] Reloading Section: "reloadable-plugin/FluidSupportProviderImpl/"
[18:39:46] [main/TRACE] [REI] [REIPlugin START] Reloading Section: "reloadable-plugin/FluidSupportProviderImpl/DefaultPluginImpl of DefaultPluginImpl [roughlyenoughitems]/"
[18:39:46] [main/TRACE] [REI] [REIPlugin START] Reloading Section: "reloadable-plugin/FluidSupportProviderImpl/DefaultPluginImpl of DefaultPluginImpl [roughlyenoughitems]/" done in 388.7 μs
[18:39:46] [main/TRACE] [REI] [REIPlugin START] Reloading Section: "reloadable-plugin/FluidSupportProviderImpl/DefaultRuntimePlugin of DefaultRuntimePlugin [roughlyenoughitems]/"
[18:39:46] [main/TRACE] [REI] [REIPlugin START] Reloading Section: "reloadable-plugin/FluidSupportProviderImpl/DefaultRuntimePlugin of DefaultRuntimePlugin [roughlyenoughitems]/" done in 54.02 μs
[18:39:46] [main/TRACE] [REI] [REIPlugin START] Reloading Section: "reloadable-plugin/FluidSupportProviderImpl/AetherREIServerPlugin of AetherREIServerPlugin [aether]/"
[18:39:46] [main/TRACE] [REI] [REIPlugin START] Reloading Section: "reloadable-plugin/FluidSupportProviderImpl/AetherREIServerPlugin of AetherREIServerPlugin [aether]/" done in 50.29 μs
[18:39:46] [main/TRACE] [REI] [REIPlugin START] Reloading Section: "reloadable-plugin/FluidSupportProviderImpl/" done in 760.3 μs
[18:39:46] [main/DEBUG] [REI] ========================================
[18:39:46] [main/DEBUG] [REI] REIPlugin ending main-reload for START.
[18:39:46] [main/DEBUG] [REI] ========================================
[18:39:46] [main/TRACE] [REI] [REIPlugin START] Reloading Section: "end-reload/"
[18:39:46] [main/TRACE] [REI] [REIPlugin START] Reloading Section: "end-reload/EntryTypeRegistryImpl/"
[18:39:46] [main/TRACE] [REI] [REIPlugin START] Reloading Section: "end-reload/EntryTypeRegistryImpl/" done in 61.74 μs
[18:39:46] [main/TRACE] [REI] [REIPlugin START] Reloading Section: "end-reload/EntrySettingsAdapterRegistryImpl/"
[18:39:46] [main/TRACE] [REI] [REIPlugin START] Reloading Section: "end-reload/EntrySettingsAdapterRegistryImpl/" done in 41.74 μs
[18:39:46] [main/TRACE] [REI] [REIPlugin START] Reloading Section: "end-reload/RecipeManagerContextImpl/"
[18:39:46] [main/TRACE] [REI] [REIPlugin START] Reloading Section: "end-reload/RecipeManagerContextImpl/" done in 42.44 μs
[18:39:46] [main/TRACE] [REI] [REIPlugin START] Reloading Section: "end-reload/ItemComparatorRegistryImpl/"
[18:39:46] [main/TRACE] [REI] [REIPlugin START] Reloading Section: "end-reload/ItemComparatorRegistryImpl/" done in 39.17 μs
[18:39:46] [main/TRACE] [REI] [REIPlugin START] Reloading Section: "end-reload/FluidComparatorRegistryImpl/"
[18:39:46] [main/TRACE] [REI] [REIPlugin START] Reloading Section: "end-reload/FluidComparatorRegistryImpl/" done in 55.06 μs
[18:39:46] [main/TRACE] [REI] [REIPlugin START] Reloading Section: "end-reload/DisplaySerializerRegistryImpl/"
[18:39:46] [main/TRACE] [REI] [REIPlugin START] Reloading Section: "end-reload/DisplaySerializerRegistryImpl/" done in 41.07 μs
[18:39:46] [main/TRACE] [REI] [REIPlugin START] Reloading Section: "end-reload/FluidSupportProviderImpl/"
[18:39:46] [main/TRACE] [REI] [REIPlugin START] Reloading Section: "end-reload/FluidSupportProviderImpl/" done in 38.29 μs
[18:39:46] [main/TRACE] [REI] [REIPlugin START] Reloading Section: "end-reload/" done in 844.9 μs
[18:39:46] [main/DEBUG] [REI] ========================================
[18:39:46] [main/DEBUG] [REI] REIPlugin ended main-reload for START in 14.68 ms.
[18:39:46] [main/DEBUG] [REI] ========================================
[18:39:46] [main/INFO] [REI] ========================================
[18:39:46] [main/INFO] [REI] REIServerPlugin starting main-reload for START.
[18:39:46] [main/DEBUG] [REI] Reloadables (2):
[18:39:46] [main/DEBUG] [REI]  - MenuInfoRegistryImpl
[18:39:46] [main/DEBUG] [REI]  - SlotAccessorRegistryImpl
[18:39:46] [main/INFO] [REI] Plugins (3):
[18:39:46] [main/INFO] [REI]  - (-100.00) DefaultPluginImpl of DefaultPluginImpl [roughlyenoughitems]
[18:39:46] [main/INFO] [REI]  - (0.00) AetherREIServerPlugin of AetherREIServerPlugin [aether]
[18:39:46] [main/INFO] [REI]  - (0.00) DefaultRuntimePlugin of DefaultRuntimePlugin [roughlyenoughitems]
[18:39:46] [main/INFO] [REI] ========================================
[18:39:46] [main/TRACE] [REI] [REIServerPlugin START] Reloading Section: "start-reload/"
[18:39:46] [main/TRACE] [REI] [REIServerPlugin START] Reloading Section: "start-reload/MenuInfoRegistryImpl/"
[18:39:46] [main/TRACE] [REI] [REIServerPlugin START] Reloading Section: "start-reload/MenuInfoRegistryImpl/" done in 48.64 μs
[18:39:46] [main/TRACE] [REI] [REIServerPlugin START] Reloading Section: "start-reload/SlotAccessorRegistryImpl/"
[18:39:46] [main/TRACE] [REI] [REIServerPlugin START] Reloading Section: "start-reload/SlotAccessorRegistryImpl/" done in 49.95 μs
[18:39:46] [main/TRACE] [REI] [REIServerPlugin START] Reloading Section: "start-reload/" done in 310.7 μs
[18:39:46] [main/DEBUG] [REI] ========================================
[18:39:46] [main/DEBUG] [REI] REIServerPlugin started main-reload for START.
[18:39:46] [main/DEBUG] [REI] ========================================
[18:39:46] [main/TRACE] [REI] [REIServerPlugin START] Reloading Section: "reloadable-plugin/MenuInfoRegistryImpl/"
[18:39:46] [main/TRACE] [REI] [REIServerPlugin START] Reloading Section: "reloadable-plugin/MenuInfoRegistryImpl/DefaultPluginImpl of DefaultPluginImpl [roughlyenoughitems]/"
[18:39:46] [main/TRACE] [REI] [REIServerPlugin START] Reloading Section: "reloadable-plugin/MenuInfoRegistryImpl/DefaultPluginImpl of DefaultPluginImpl [roughlyenoughitems]/" done in 48.70 μs
[18:39:46] [main/TRACE] [REI] [REIServerPlugin START] Reloading Section: "reloadable-plugin/MenuInfoRegistryImpl/AetherREIServerPlugin of AetherREIServerPlugin [aether]/"
[18:39:46] [main/TRACE] [REI] [REIServerPlugin START] Reloading Section: "reloadable-plugin/MenuInfoRegistryImpl/AetherREIServerPlugin of AetherREIServerPlugin [aether]/" done in 46.64 μs
[18:39:46] [main/TRACE] [REI] [REIServerPlugin START] Reloading Section: "reloadable-plugin/MenuInfoRegistryImpl/DefaultRuntimePlugin of DefaultRuntimePlugin [roughlyenoughitems]/"
[18:39:46] [main/TRACE] [REI] [REIServerPlugin START] Reloading Section: "reloadable-plugin/MenuInfoRegistryImpl/DefaultRuntimePlugin of DefaultRuntimePlugin [roughlyenoughitems]/" done in 51.64 μs
[18:39:46] [main/TRACE] [REI] [REIServerPlugin START] Reloading Section: "reloadable-plugin/MenuInfoRegistryImpl/" done in 416.6 μs
[18:39:46] [main/TRACE] [REI] [REIServerPlugin START] Reloading Section: "reloadable-plugin/SlotAccessorRegistryImpl/"
[18:39:46] [main/TRACE] [REI] [REIServerPlugin START] Reloading Section: "reloadable-plugin/SlotAccessorRegistryImpl/DefaultPluginImpl of DefaultPluginImpl [roughlyenoughitems]/"
[18:39:46] [main/TRACE] [REI] [REIServerPlugin START] Reloading Section: "reloadable-plugin/SlotAccessorRegistryImpl/DefaultPluginImpl of DefaultPluginImpl [roughlyenoughitems]/" done in 47.30 μs
[18:39:46] [main/TRACE] [REI] [REIServerPlugin START] Reloading Section: "reloadable-plugin/SlotAccessorRegistryImpl/AetherREIServerPlugin of AetherREIServerPlugin [aether]/"
[18:39:46] [main/TRACE] [REI] [REIServerPlugin START] Reloading Section: "reloadable-plugin/SlotAccessorRegistryImpl/AetherREIServerPlugin of AetherREIServerPlugin [aether]/" done in 58.48 μs
[18:39:46] [main/TRACE] [REI] [REIServerPlugin START] Reloading Section: "reloadable-plugin/SlotAccessorRegistryImpl/DefaultRuntimePlugin of DefaultRuntimePlugin [roughlyenoughitems]/"
[18:39:46] [main/TRACE] [REI] [REIServerPlugin START] Reloading Section: "reloadable-plugin/SlotAccessorRegistryImpl/DefaultRuntimePlugin of DefaultRuntimePlugin [roughlyenoughitems]/" done in 44.16 μs
[18:39:46] [main/TRACE] [REI] [REIServerPlugin START] Reloading Section: "reloadable-plugin/SlotAccessorRegistryImpl/" done in 414.4 μs
[18:39:46] [main/DEBUG] [REI] ========================================
[18:39:46] [main/DEBUG] [REI] REIServerPlugin ending main-reload for START.
[18:39:46] [main/DEBUG] [REI] ========================================
[18:39:46] [main/TRACE] [REI] [REIServerPlugin START] Reloading Section: "end-reload/"
[18:39:46] [main/TRACE] [REI] [REIServerPlugin START] Reloading Section: "end-reload/MenuInfoRegistryImpl/"
[18:39:46] [main/TRACE] [REI] [REIServerPlugin START] Reloading Section: "end-reload/MenuInfoRegistryImpl/" done in 37.26 μs
[18:39:46] [main/TRACE] [REI] [REIServerPlugin START] Reloading Section: "end-reload/SlotAccessorRegistryImpl/"
[18:39:46] [main/TRACE] [REI] [REIServerPlugin START] Reloading Section: "end-reload/SlotAccessorRegistryImpl/" done in 40.53 μs
[18:39:46] [main/TRACE] [REI] [REIServerPlugin START] Reloading Section: "end-reload/" done in 244.7 μs
[18:39:46] [main/DEBUG] [REI] ========================================
[18:39:46] [main/DEBUG] [REI] REIServerPlugin ended main-reload for START in 3.197 ms.
[18:39:46] [main/DEBUG] [REI] ========================================
[18:39:46] [main/DEBUG] [REI] ========================================
[18:39:46] [main/DEBUG] [REI] REIPlugin starting post-reload for START.
[18:39:46] [main/DEBUG] [REI] Reloadables (7):
[18:39:46] [main/DEBUG] [REI]  - EntryTypeRegistryImpl
[18:39:46] [main/DEBUG] [REI]  - EntrySettingsAdapterRegistryImpl
[18:39:46] [main/DEBUG] [REI]  - RecipeManagerContextImpl
[18:39:46] [main/DEBUG] [REI]  - ItemComparatorRegistryImpl
[18:39:46] [main/DEBUG] [REI]  - FluidComparatorRegistryImpl
[18:39:46] [main/DEBUG] [REI]  - DisplaySerializerRegistryImpl
[18:39:46] [main/DEBUG] [REI]  - FluidSupportProviderImpl
[18:39:46] [main/DEBUG] [REI] Plugins (3):
[18:39:46] [main/DEBUG] [REI]  - (-100.00) DefaultPluginImpl of DefaultPluginImpl [roughlyenoughitems]
[18:39:46] [main/DEBUG] [REI]  - (0.00) DefaultRuntimePlugin of DefaultRuntimePlugin [roughlyenoughitems]
[18:39:46] [main/DEBUG] [REI]  - (0.00) AetherREIServerPlugin of AetherREIServerPlugin [aether]
[18:39:46] [main/DEBUG] [REI] ========================================
[18:39:46] [main/TRACE] [REI] [REIPlugin START] Reloading Section: "post-register/"
[18:39:46] [main/TRACE] [REI] [REIPlugin START] Reloading Section: "post-register/DefaultPluginImpl of DefaultPluginImpl [roughlyenoughitems]/"
[18:39:46] [main/TRACE] [REI] [REIPlugin START] Reloading Section: "post-register/DefaultPluginImpl of DefaultPluginImpl [roughlyenoughitems]/" done in 194.0 μs
[18:39:46] [main/TRACE] [REI] [REIPlugin START] Reloading Section: "post-register/DefaultRuntimePlugin of DefaultRuntimePlugin [roughlyenoughitems]/"
[18:39:46] [main/TRACE] [REI] [REIPlugin START] Reloading Section: "post-register/DefaultRuntimePlugin of DefaultRuntimePlugin [roughlyenoughitems]/" done in 41.91 μs
[18:39:46] [main/TRACE] [REI] [REIPlugin START] Reloading Section: "post-register/AetherREIServerPlugin of AetherREIServerPlugin [aether]/"
[18:39:46] [main/TRACE] [REI] [REIPlugin START] Reloading Section: "post-register/AetherREIServerPlugin of AetherREIServerPlugin [aether]/" done in 39.26 μs
[18:39:46] [main/TRACE] [REI] [REIPlugin START] Reloading Section: "post-register/" done in 704.4 μs
[18:39:46] [main/TRACE] [REI] [REIPlugin START] Reloading Section: "post-stage/"
[18:39:46] [main/TRACE] [REI] [REIPlugin START] Reloading Section: "post-stage/EntryTypeRegistryImpl/"
[18:39:46] [main/TRACE] [REI] [REIPlugin START] Reloading Section: "post-stage/EntryTypeRegistryImpl/" done in 48.78 μs
[18:39:46] [main/TRACE] [REI] [REIPlugin START] Reloading Section: "post-stage/EntrySettingsAdapterRegistryImpl/"
[18:39:46] [main/TRACE] [REI] [REIPlugin START] Reloading Section: "post-stage/EntrySettingsAdapterRegistryImpl/" done in 55.17 μs
[18:39:46] [main/TRACE] [REI] [REIPlugin START] Reloading Section: "post-stage/RecipeManagerContextImpl/"
[18:39:46] [main/TRACE] [REI] [REIPlugin START] Reloading Section: "post-stage/RecipeManagerContextImpl/" done in 36.57 μs
[18:39:46] [main/TRACE] [REI] [REIPlugin START] Reloading Section: "post-stage/ItemComparatorRegistryImpl/"
[18:39:46] [main/TRACE] [REI] [REIPlugin START] Reloading Section: "post-stage/ItemComparatorRegistryImpl/" done in 36.84 μs
[18:39:46] [main/TRACE] [REI] [REIPlugin START] Reloading Section: "post-stage/FluidComparatorRegistryImpl/"
[18:39:46] [main/TRACE] [REI] [REIPlugin START] Reloading Section: "post-stage/FluidComparatorRegistryImpl/" done in 37.45 μs
[18:39:46] [main/TRACE] [REI] [REIPlugin START] Reloading Section: "post-stage/DisplaySerializerRegistryImpl/"
[18:39:46] [main/TRACE] [REI] [REIPlugin START] Reloading Section: "post-stage/DisplaySerializerRegistryImpl/" done in 38.49 μs
[18:39:46] [main/TRACE] [REI] [REIPlugin START] Reloading Section: "post-stage/FluidSupportProviderImpl/"
[18:39:46] [main/TRACE] [REI] [REIPlugin START] Reloading Section: "post-stage/FluidSupportProviderImpl/" done in 36.60 μs
[18:39:46] [main/TRACE] [REI] [REIPlugin START] Reloading Section: "post-stage/" done in 795.5 μs
[18:39:46] [main/DEBUG] [REI] ========================================
[18:39:46] [main/INFO] [REI] REIPlugin finished post-reload for START in 1.614 ms, totaling 25.93 ms.
[18:39:46] [main/DEBUG] [REI] ========================================
[18:39:46] [main/DEBUG] [REI] ========================================
[18:39:46] [main/DEBUG] [REI] REIServerPlugin starting post-reload for START.
[18:39:46] [main/DEBUG] [REI] Reloadables (2):
[18:39:46] [main/DEBUG] [REI]  - MenuInfoRegistryImpl
[18:39:46] [main/DEBUG] [REI]  - SlotAccessorRegistryImpl
[18:39:46] [main/DEBUG] [REI] Plugins (3):
[18:39:46] [main/DEBUG] [REI]  - (-100.00) DefaultPluginImpl of DefaultPluginImpl [roughlyenoughitems]
[18:39:46] [main/DEBUG] [REI]  - (0.00) AetherREIServerPlugin of AetherREIServerPlugin [aether]
[18:39:46] [main/DEBUG] [REI]  - (0.00) DefaultRuntimePlugin of DefaultRuntimePlugin [roughlyenoughitems]
[18:39:46] [main/DEBUG] [REI] ========================================
[18:39:46] [main/TRACE] [REI] [REIServerPlugin START] Reloading Section: "post-register/"
[18:39:46] [main/TRACE] [REI] [REIServerPlugin START] Reloading Section: "post-register/DefaultPluginImpl of DefaultPluginImpl [roughlyenoughitems]/"
[18:39:46] [main/TRACE] [REI] [REIServerPlugin START] Reloading Section: "post-register/DefaultPluginImpl of DefaultPluginImpl [roughlyenoughitems]/" done in 38.95 μs
[18:39:46] [main/TRACE] [REI] [REIServerPlugin START] Reloading Section: "post-register/AetherREIServerPlugin of AetherREIServerPlugin [aether]/"
[18:39:46] [main/TRACE] [REI] [REIServerPlugin START] Reloading Section: "post-register/AetherREIServerPlugin of AetherREIServerPlugin [aether]/" done in 62.33 μs
[18:39:46] [main/TRACE] [REI] [REIServerPlugin START] Reloading Section: "post-register/DefaultRuntimePlugin of DefaultRuntimePlugin [roughlyenoughitems]/"
[18:39:46] [main/TRACE] [REI] [REIServerPlugin START] Reloading Section: "post-register/DefaultRuntimePlugin of DefaultRuntimePlugin [roughlyenoughitems]/" done in 37.44 μs
[18:39:46] [main/TRACE] [REI] [REIServerPlugin START] Reloading Section: "post-register/" done in 376.1 μs
[18:39:46] [main/TRACE] [REI] [REIServerPlugin START] Reloading Section: "post-stage/"
[18:39:46] [main/TRACE] [REI] [REIServerPlugin START] Reloading Section: "post-stage/MenuInfoRegistryImpl/"
[18:39:46] [main/TRACE] [REI] [REIServerPlugin START] Reloading Section: "post-stage/MenuInfoRegistryImpl/" done in 35.79 μs
[18:39:46] [main/TRACE] [REI] [REIServerPlugin START] Reloading Section: "post-stage/SlotAccessorRegistryImpl/"
[18:39:46] [main/TRACE] [REI] [REIServerPlugin START] Reloading Section: "post-stage/SlotAccessorRegistryImpl/" done in 36.62 μs
[18:39:46] [main/TRACE] [REI] [REIServerPlugin START] Reloading Section: "post-stage/" done in 218.0 μs
[18:39:46] [main/DEBUG] [REI] ========================================
[18:39:46] [main/INFO] [REI] REIServerPlugin finished post-reload for START in 696.4 μs, totaling 4.612 ms.
[18:39:46] [main/DEBUG] [REI] ========================================
[18:39:46] [main/DEBUG] [REI] ========================================
[18:39:46] [main/DEBUG] [REI] REIPlugin starting pre-reload for END.
[18:39:46] [main/DEBUG] [REI] Reloadables (7):
[18:39:46] [main/DEBUG] [REI]  - EntryTypeRegistryImpl
[18:39:46] [main/DEBUG] [REI]  - EntrySettingsAdapterRegistryImpl
[18:39:46] [main/DEBUG] [REI]  - RecipeManagerContextImpl
[18:39:46] [main/DEBUG] [REI]  - ItemComparatorRegistryImpl
[18:39:46] [main/DEBUG] [REI]  - FluidComparatorRegistryImpl
[18:39:46] [main/DEBUG] [REI]  - DisplaySerializerRegistryImpl
[18:39:46] [main/DEBUG] [REI]  - FluidSupportProviderImpl
[18:39:46] [main/DEBUG] [REI] Plugins (3):
[18:39:46] [main/DEBUG] [REI]  - (-100.00) DefaultPluginImpl of DefaultPluginImpl [roughlyenoughitems]
[18:39:46] [main/DEBUG] [REI]  - (0.00) DefaultRuntimePlugin of DefaultRuntimePlugin [roughlyenoughitems]
[18:39:46] [main/DEBUG] [REI]  - (0.00) AetherREIServerPlugin of AetherREIServerPlugin [aether]
[18:39:46] [main/DEBUG] [REI] ========================================
[18:39:46] [main/TRACE] [REI] [REIPlugin END] Reloading Section: "pre-register/"
[18:39:46] [main/TRACE] [REI] [REIPlugin END] Reloading Section: "pre-register/DefaultPluginImpl of DefaultPluginImpl [roughlyenoughitems]/"
[18:39:46] [main/TRACE] [REI] [REIPlugin END] Reloading Section: "pre-register/DefaultPluginImpl of DefaultPluginImpl [roughlyenoughitems]/" done in 39.65 μs
[18:39:46] [main/TRACE] [REI] [REIPlugin END] Reloading Section: "pre-register/DefaultRuntimePlugin of DefaultRuntimePlugin [roughlyenoughitems]/"
[18:39:46] [main/TRACE] [REI] [REIPlugin END] Reloading Section: "pre-register/DefaultRuntimePlugin of DefaultRuntimePlugin [roughlyenoughitems]/" done in 71.30 μs
[18:39:46] [main/TRACE] [REI] [REIPlugin END] Reloading Section: "pre-register/AetherREIServerPlugin of AetherREIServerPlugin [aether]/"
[18:39:46] [main/TRACE] [REI] [REIPlugin END] Reloading Section: "pre-register/AetherREIServerPlugin of AetherREIServerPlugin [aether]/" done in 37.32 μs
[18:39:46] [main/TRACE] [REI] [REIPlugin END] Reloading Section: "pre-register/" done in 398.9 μs
[18:39:46] [main/TRACE] [REI] [REIPlugin END] Reloading Section: "pre-stage/"
[18:39:46] [main/TRACE] [REI] [REIPlugin END] Reloading Section: "pre-stage/EntryTypeRegistryImpl/"
[18:39:46] [main/TRACE] [REI] [REIPlugin END] Reloading Section: "pre-stage/EntryTypeRegistryImpl/" done in 34.11 μs
[18:39:46] [main/TRACE] [REI] [REIPlugin END] Reloading Section: "pre-stage/EntrySettingsAdapterRegistryImpl/"
[18:39:46] [main/TRACE] [REI] [REIPlugin END] Reloading Section: "pre-stage/EntrySettingsAdapterRegistryImpl/" done in 43.88 μs
[18:39:46] [main/TRACE] [REI] [REIPlugin END] Reloading Section: "pre-stage/RecipeManagerContextImpl/"
[18:39:46] [main/TRACE] [REI] [REIPlugin END] Reloading Section: "pre-stage/RecipeManagerContextImpl/" done in 38.87 μs
[18:39:46] [main/TRACE] [REI] [REIPlugin END] Reloading Section: "pre-stage/ItemComparatorRegistryImpl/"
[18:39:46] [main/TRACE] [REI] [REIPlugin END] Reloading Section: "pre-stage/ItemComparatorRegistryImpl/" done in 36.60 μs
[18:39:46] [main/TRACE] [REI] [REIPlugin END] Reloading Section: "pre-stage/FluidComparatorRegistryImpl/"
[18:39:46] [main/TRACE] [REI] [REIPlugin END] Reloading Section: "pre-stage/FluidComparatorRegistryImpl/" done in 34.20 μs
[18:39:46] [main/TRACE] [REI] [REIPlugin END] Reloading Section: "pre-stage/DisplaySerializerRegistryImpl/"
[18:39:46] [main/TRACE] [REI] [REIPlugin END] Reloading Section: "pre-stage/DisplaySerializerRegistryImpl/" done in 37.41 μs
[18:39:46] [main/TRACE] [REI] [REIPlugin END] Reloading Section: "pre-stage/FluidSupportProviderImpl/"
[18:39:46] [main/TRACE] [REI] [REIPlugin END] Reloading Section: "pre-stage/FluidSupportProviderImpl/" done in 33.99 μs
[18:39:46] [main/TRACE] [REI] [REIPlugin END] Reloading Section: "pre-stage/" done in 696.2 μs
[18:39:46] [main/DEBUG] [REI] ========================================
[18:39:46] [main/DEBUG] [REI] REIPlugin finished pre-reload for END in 1.202 ms.
[18:39:46] [main/DEBUG] [REI] ========================================
[18:39:46] [main/DEBUG] [REI] ========================================
[18:39:46] [main/DEBUG] [REI] REIServerPlugin starting pre-reload for END.
[18:39:46] [main/DEBUG] [REI] Reloadables (2):
[18:39:46] [main/DEBUG] [REI]  - MenuInfoRegistryImpl
[18:39:46] [main/DEBUG] [REI]  - SlotAccessorRegistryImpl
[18:39:46] [main/DEBUG] [REI] Plugins (3):
[18:39:46] [main/DEBUG] [REI]  - (-100.00) DefaultPluginImpl of DefaultPluginImpl [roughlyenoughitems]
[18:39:46] [main/DEBUG] [REI]  - (0.00) AetherREIServerPlugin of AetherREIServerPlugin [aether]
[18:39:46] [main/DEBUG] [REI]  - (0.00) DefaultRuntimePlugin of DefaultRuntimePlugin [roughlyenoughitems]
[18:39:46] [main/DEBUG] [REI] ========================================
[18:39:46] [main/TRACE] [REI] [REIServerPlugin END] Reloading Section: "pre-register/"
[18:39:46] [main/TRACE] [REI] [REIServerPlugin END] Reloading Section: "pre-register/DefaultPluginImpl of DefaultPluginImpl [roughlyenoughitems]/"
[18:39:46] [main/TRACE] [REI] [REIServerPlugin END] Reloading Section: "pre-register/DefaultPluginImpl of DefaultPluginImpl [roughlyenoughitems]/" done in 42.28 μs
[18:39:46] [main/TRACE] [REI] [REIServerPlugin END] Reloading Section: "pre-register/AetherREIServerPlugin of AetherREIServerPlugin [aether]/"
[18:39:46] [main/TRACE] [REI] [REIServerPlugin END] Reloading Section: "pre-register/AetherREIServerPlugin of AetherREIServerPlugin [aether]/" done in 40.74 μs
[18:39:46] [main/TRACE] [REI] [REIServerPlugin END] Reloading Section: "pre-register/DefaultRuntimePlugin of DefaultRuntimePlugin [roughlyenoughitems]/"
[18:39:46] [main/TRACE] [REI] [REIServerPlugin END] Reloading Section: "pre-register/DefaultRuntimePlugin of DefaultRuntimePlugin [roughlyenoughitems]/" done in 35.24 μs
[18:39:46] [main/TRACE] [REI] [REIServerPlugin END] Reloading Section: "pre-register/" done in 361.8 μs
[18:39:46] [main/TRACE] [REI] [REIServerPlugin END] Reloading Section: "pre-stage/"
[18:39:46] [main/TRACE] [REI] [REIServerPlugin END] Reloading Section: "pre-stage/MenuInfoRegistryImpl/"
[18:39:46] [main/TRACE] [REI] [REIServerPlugin END] Reloading Section: "pre-stage/MenuInfoRegistryImpl/" done in 36.59 μs
[18:39:46] [main/TRACE] [REI] [REIServerPlugin END] Reloading Section: "pre-stage/SlotAccessorRegistryImpl/"
[18:39:46] [main/TRACE] [REI] [REIServerPlugin END] Reloading Section: "pre-stage/SlotAccessorRegistryImpl/" done in 35.00 μs
[18:39:46] [main/TRACE] [REI] [REIServerPlugin END] Reloading Section: "pre-stage/" done in 235.7 μs
[18:39:46] [main/DEBUG] [REI] ========================================
[18:39:46] [main/DEBUG] [REI] REIServerPlugin finished pre-reload for END in 709.0 μs.
[18:39:46] [main/DEBUG] [REI] ========================================
[18:39:46] [main/INFO] [REI] OOOOOOOOOOOOOOOOOOOOOOOOOOOOOOOOOOOOOOOO
[18:39:46] [main/INFO] [REI] REIPlugin starting main-reload for END.
[18:39:46] [main/DEBUG] [REI] Reloadables (7):
[18:39:46] [main/DEBUG] [REI]  - EntryTypeRegistryImpl
[18:39:46] [main/DEBUG] [REI]  - EntrySettingsAdapterRegistryImpl
[18:39:46] [main/DEBUG] [REI]  - RecipeManagerContextImpl
[18:39:46] [main/DEBUG] [REI]  - ItemComparatorRegistryImpl
[18:39:46] [main/DEBUG] [REI]  - FluidComparatorRegistryImpl
[18:39:46] [main/DEBUG] [REI]  - DisplaySerializerRegistryImpl
[18:39:46] [main/DEBUG] [REI]  - FluidSupportProviderImpl
[18:39:46] [main/INFO] [REI] Plugins (3):
[18:39:46] [main/INFO] [REI]  - (-100.00) DefaultPluginImpl of DefaultPluginImpl [roughlyenoughitems]
[18:39:46] [main/INFO] [REI]  - (0.00) DefaultRuntimePlugin of DefaultRuntimePlugin [roughlyenoughitems]
[18:39:46] [main/INFO] [REI]  - (0.00) AetherREIServerPlugin of AetherREIServerPlugin [aether]
[18:39:46] [main/INFO] [REI] OOOOOOOOOOOOOOOOOOOOOOOOOOOOOOOOOOOOOOOO
[18:39:46] [main/TRACE] [REI] [REIPlugin END] Reloading Section: "start-reload/"
[18:39:46] [main/TRACE] [REI] [REIPlugin END] Reloading Section: "start-reload/EntryTypeRegistryImpl/"
[18:39:46] [main/TRACE] [REI] [REIPlugin END] Reloading Section: "start-reload/EntryTypeRegistryImpl/" done in 46.17 μs
[18:39:46] [main/TRACE] [REI] [REIPlugin END] Reloading Section: "start-reload/EntrySettingsAdapterRegistryImpl/"
[18:39:46] [main/TRACE] [REI] [REIPlugin END] Reloading Section: "start-reload/EntrySettingsAdapterRegistryImpl/" done in 56.18 μs
[18:39:46] [main/TRACE] [REI] [REIPlugin END] Reloading Section: "start-reload/RecipeManagerContextImpl/"
[18:39:46] [main/TRACE] [REI] [REIPlugin END] Reloading Section: "start-reload/RecipeManagerContextImpl/" done in 36.48 μs
[18:39:46] [main/TRACE] [REI] [REIPlugin END] Reloading Section: "start-reload/ItemComparatorRegistryImpl/"
[18:39:46] [main/TRACE] [REI] [REIPlugin END] Reloading Section: "start-reload/ItemComparatorRegistryImpl/" done in 32.86 μs
[18:39:46] [main/TRACE] [REI] [REIPlugin END] Reloading Section: "start-reload/FluidComparatorRegistryImpl/"
[18:39:46] [main/TRACE] [REI] [REIPlugin END] Reloading Section: "start-reload/FluidComparatorRegistryImpl/" done in 32.87 μs
[18:39:46] [main/TRACE] [REI] [REIPlugin END] Reloading Section: "start-reload/DisplaySerializerRegistryImpl/"
[18:39:46] [main/TRACE] [REI] [REIPlugin END] Reloading Section: "start-reload/DisplaySerializerRegistryImpl/" done in 38.90 μs
[18:39:46] [main/TRACE] [REI] [REIPlugin END] Reloading Section: "start-reload/FluidSupportProviderImpl/"
[18:39:46] [main/TRACE] [REI] [REIPlugin END] Reloading Section: "start-reload/FluidSupportProviderImpl/" done in 37.20 μs
[18:39:46] [main/TRACE] [REI] [REIPlugin END] Reloading Section: "start-reload/" done in 748.8 μs
[18:39:46] [main/DEBUG] [REI] ========================================
[18:39:46] [main/DEBUG] [REI] REIPlugin started main-reload for END.
[18:39:46] [main/DEBUG] [REI] ========================================
[18:39:46] [main/TRACE] [REI] [REIPlugin END] Reloading Section: "reloadable-plugin/EntryTypeRegistryImpl/"
[18:39:46] [main/TRACE] [REI] [REIPlugin END] Reloading Section: "reloadable-plugin/EntryTypeRegistryImpl/DefaultPluginImpl of DefaultPluginImpl [roughlyenoughitems]/"
[18:39:46] [main/TRACE] [REI] [REIPlugin END] Reloading Section: "reloadable-plugin/EntryTypeRegistryImpl/DefaultPluginImpl of DefaultPluginImpl [roughlyenoughitems]/" done in 46.90 μs
[18:39:46] [main/TRACE] [REI] [REIPlugin END] Reloading Section: "reloadable-plugin/EntryTypeRegistryImpl/DefaultRuntimePlugin of DefaultRuntimePlugin [roughlyenoughitems]/"
[18:39:46] [main/TRACE] [REI] [REIPlugin END] Reloading Section: "reloadable-plugin/EntryTypeRegistryImpl/DefaultRuntimePlugin of DefaultRuntimePlugin [roughlyenoughitems]/" done in 39.89 μs
[18:39:46] [main/TRACE] [REI] [REIPlugin END] Reloading Section: "reloadable-plugin/EntryTypeRegistryImpl/AetherREIServerPlugin of AetherREIServerPlugin [aether]/"
[18:39:46] [main/TRACE] [REI] [REIPlugin END] Reloading Section: "reloadable-plugin/EntryTypeRegistryImpl/AetherREIServerPlugin of AetherREIServerPlugin [aether]/" done in 50.19 μs
[18:39:46] [main/TRACE] [REI] [REIPlugin END] Reloading Section: "reloadable-plugin/EntryTypeRegistryImpl/" done in 402.5 μs
[18:39:46] [main/TRACE] [REI] [REIPlugin END] Reloading Section: "reloadable-plugin/EntrySettingsAdapterRegistryImpl/"
[18:39:46] [main/TRACE] [REI] [REIPlugin END] Reloading Section: "reloadable-plugin/EntrySettingsAdapterRegistryImpl/DefaultPluginImpl of DefaultPluginImpl [roughlyenoughitems]/"
[18:39:46] [main/TRACE] [REI] [REIPlugin END] Reloading Section: "reloadable-plugin/EntrySettingsAdapterRegistryImpl/DefaultPluginImpl of DefaultPluginImpl [roughlyenoughitems]/" done in 53.08 μs
[18:39:46] [main/TRACE] [REI] [REIPlugin END] Reloading Section: "reloadable-plugin/EntrySettingsAdapterRegistryImpl/DefaultRuntimePlugin of DefaultRuntimePlugin [roughlyenoughitems]/"
[18:39:46] [main/TRACE] [REI] [REIPlugin END] Reloading Section: "reloadable-plugin/EntrySettingsAdapterRegistryImpl/DefaultRuntimePlugin of DefaultRuntimePlugin [roughlyenoughitems]/" done in 40.64 μs
[18:39:46] [main/TRACE] [REI] [REIPlugin END] Reloading Section: "reloadable-plugin/EntrySettingsAdapterRegistryImpl/AetherREIServerPlugin of AetherREIServerPlugin [aether]/"
[18:39:46] [main/TRACE] [REI] [REIPlugin END] Reloading Section: "reloadable-plugin/EntrySettingsAdapterRegistryImpl/AetherREIServerPlugin of AetherREIServerPlugin [aether]/" done in 44.40 μs
[18:39:46] [main/TRACE] [REI] [REIPlugin END] Reloading Section: "reloadable-plugin/EntrySettingsAdapterRegistryImpl/" done in 375.3 μs
[18:39:46] [main/TRACE] [REI] [REIPlugin END] Reloading Section: "reloadable-plugin/RecipeManagerContextImpl/"
[18:39:46] [main/TRACE] [REI] [REIPlugin END] Reloading Section: "reloadable-plugin/RecipeManagerContextImpl/DefaultPluginImpl of DefaultPluginImpl [roughlyenoughitems]/"
[18:39:46] [main/TRACE] [REI] [REIPlugin END] Reloading Section: "reloadable-plugin/RecipeManagerContextImpl/DefaultPluginImpl of DefaultPluginImpl [roughlyenoughitems]/" done in 43.72 μs
[18:39:46] [main/TRACE] [REI] [REIPlugin END] Reloading Section: "reloadable-plugin/RecipeManagerContextImpl/DefaultRuntimePlugin of DefaultRuntimePlugin [roughlyenoughitems]/"
[18:39:46] [main/TRACE] [REI] [REIPlugin END] Reloading Section: "reloadable-plugin/RecipeManagerContextImpl/DefaultRuntimePlugin of DefaultRuntimePlugin [roughlyenoughitems]/" done in 43.12 μs
[18:39:46] [main/TRACE] [REI] [REIPlugin END] Reloading Section: "reloadable-plugin/RecipeManagerContextImpl/AetherREIServerPlugin of AetherREIServerPlugin [aether]/"
[18:39:46] [main/TRACE] [REI] [REIPlugin END] Reloading Section: "reloadable-plugin/RecipeManagerContextImpl/AetherREIServerPlugin of AetherREIServerPlugin [aether]/" done in 83.03 μs
[18:39:46] [main/TRACE] [REI] [REIPlugin END] Reloading Section: "reloadable-plugin/RecipeManagerContextImpl/" done in 1.224 ms
[18:39:46] [main/TRACE] [REI] [REIPlugin END] Reloading Section: "reloadable-plugin/ItemComparatorRegistryImpl/"
[18:39:46] [main/TRACE] [REI] [REIPlugin END] Reloading Section: "reloadable-plugin/ItemComparatorRegistryImpl/DefaultPluginImpl of DefaultPluginImpl [roughlyenoughitems]/"
[18:39:46] [main/TRACE] [REI] [REIPlugin END] Reloading Section: "reloadable-plugin/ItemComparatorRegistryImpl/DefaultPluginImpl of DefaultPluginImpl [roughlyenoughitems]/" done in 74.30 μs
[18:39:46] [main/TRACE] [REI] [REIPlugin END] Reloading Section: "reloadable-plugin/ItemComparatorRegistryImpl/DefaultRuntimePlugin of DefaultRuntimePlugin [roughlyenoughitems]/"
[18:39:46] [main/TRACE] [REI] [REIPlugin END] Reloading Section: "reloadable-plugin/ItemComparatorRegistryImpl/DefaultRuntimePlugin of DefaultRuntimePlugin [roughlyenoughitems]/" done in 55.88 μs
[18:39:46] [main/TRACE] [REI] [REIPlugin END] Reloading Section: "reloadable-plugin/ItemComparatorRegistryImpl/AetherREIServerPlugin of AetherREIServerPlugin [aether]/"
[18:39:46] [main/TRACE] [REI] [REIPlugin END] Reloading Section: "reloadable-plugin/ItemComparatorRegistryImpl/AetherREIServerPlugin of AetherREIServerPlugin [aether]/" done in 55.83 μs
[18:39:46] [main/TRACE] [REI] [REIPlugin END] Reloading Section: "reloadable-plugin/ItemComparatorRegistryImpl/" done in 552.0 μs
[18:39:46] [main/TRACE] [REI] [REIPlugin END] Reloading Section: "reloadable-plugin/FluidComparatorRegistryImpl/"
[18:39:46] [main/TRACE] [REI] [REIPlugin END] Reloading Section: "reloadable-plugin/FluidComparatorRegistryImpl/DefaultPluginImpl of DefaultPluginImpl [roughlyenoughitems]/"
[18:39:46] [main/TRACE] [REI] [REIPlugin END] Reloading Section: "reloadable-plugin/FluidComparatorRegistryImpl/DefaultPluginImpl of DefaultPluginImpl [roughlyenoughitems]/" done in 47.32 μs
[18:39:46] [main/TRACE] [REI] [REIPlugin END] Reloading Section: "reloadable-plugin/FluidComparatorRegistryImpl/DefaultRuntimePlugin of DefaultRuntimePlugin [roughlyenoughitems]/"
[18:39:46] [main/TRACE] [REI] [REIPlugin END] Reloading Section: "reloadable-plugin/FluidComparatorRegistryImpl/DefaultRuntimePlugin of DefaultRuntimePlugin [roughlyenoughitems]/" done in 56.34 μs
[18:39:46] [main/TRACE] [REI] [REIPlugin END] Reloading Section: "reloadable-plugin/FluidComparatorRegistryImpl/AetherREIServerPlugin of AetherREIServerPlugin [aether]/"
[18:39:46] [main/TRACE] [REI] [REIPlugin END] Reloading Section: "reloadable-plugin/FluidComparatorRegistryImpl/AetherREIServerPlugin of AetherREIServerPlugin [aether]/" done in 53.48 μs
[18:39:46] [main/TRACE] [REI] [REIPlugin END] Reloading Section: "reloadable-plugin/FluidComparatorRegistryImpl/" done in 442.7 μs
[18:39:46] [main/TRACE] [REI] [REIPlugin END] Reloading Section: "reloadable-plugin/DisplaySerializerRegistryImpl/"
[18:39:46] [main/TRACE] [REI] [REIPlugin END] Reloading Section: "reloadable-plugin/DisplaySerializerRegistryImpl/DefaultPluginImpl of DefaultPluginImpl [roughlyenoughitems]/"
[18:39:46] [main/TRACE] [REI] [REIPlugin END] Reloading Section: "reloadable-plugin/DisplaySerializerRegistryImpl/DefaultPluginImpl of DefaultPluginImpl [roughlyenoughitems]/" done in 17.57 ms
[18:39:46] [main/TRACE] [REI] [REIPlugin END] Reloading Section: "reloadable-plugin/DisplaySerializerRegistryImpl/DefaultRuntimePlugin of DefaultRuntimePlugin [roughlyenoughitems]/"
[18:39:46] [main/TRACE] [REI] [REIPlugin END] Reloading Section: "reloadable-plugin/DisplaySerializerRegistryImpl/DefaultRuntimePlugin of DefaultRuntimePlugin [roughlyenoughitems]/" done in 70.90 μs
[18:39:46] [main/TRACE] [REI] [REIPlugin END] Reloading Section: "reloadable-plugin/DisplaySerializerRegistryImpl/AetherREIServerPlugin of AetherREIServerPlugin [aether]/"
[18:39:46] [main/TRACE] [REI] [REIPlugin END] Reloading Section: "reloadable-plugin/DisplaySerializerRegistryImpl/AetherREIServerPlugin of AetherREIServerPlugin [aether]/" done in 888.2 μs
[18:39:46] [main/TRACE] [REI] [REIPlugin END] Reloading Section: "reloadable-plugin/DisplaySerializerRegistryImpl/" done in 18.98 ms
[18:39:46] [main/TRACE] [REI] [REIPlugin END] Reloading Section: "reloadable-plugin/FluidSupportProviderImpl/"
[18:39:46] [main/TRACE] [REI] [REIPlugin END] Reloading Section: "reloadable-plugin/FluidSupportProviderImpl/DefaultPluginImpl of DefaultPluginImpl [roughlyenoughitems]/"
[18:39:46] [main/TRACE] [REI] [REIPlugin END] Reloading Section: "reloadable-plugin/FluidSupportProviderImpl/DefaultPluginImpl of DefaultPluginImpl [roughlyenoughitems]/" done in 43.15 μs
[18:39:46] [main/TRACE] [REI] [REIPlugin END] Reloading Section: "reloadable-plugin/FluidSupportProviderImpl/DefaultRuntimePlugin of DefaultRuntimePlugin [roughlyenoughitems]/"
[18:39:46] [main/TRACE] [REI] [REIPlugin END] Reloading Section: "reloadable-plugin/FluidSupportProviderImpl/DefaultRuntimePlugin of DefaultRuntimePlugin [roughlyenoughitems]/" done in 30.34 μs
[18:39:46] [main/TRACE] [REI] [REIPlugin END] Reloading Section: "reloadable-plugin/FluidSupportProviderImpl/AetherREIServerPlugin of AetherREIServerPlugin [aether]/"
[18:39:46] [main/TRACE] [REI] [REIPlugin END] Reloading Section: "reloadable-plugin/FluidSupportProviderImpl/AetherREIServerPlugin of AetherREIServerPlugin [aether]/" done in 38.34 μs
[18:39:46] [main/TRACE] [REI] [REIPlugin END] Reloading Section: "reloadable-plugin/FluidSupportProviderImpl/" done in 335.6 μs
[18:39:46] [main/DEBUG] [REI] ========================================
[18:39:46] [main/DEBUG] [REI] REIPlugin ending main-reload for END.
[18:39:46] [main/DEBUG] [REI] ========================================
[18:39:46] [main/TRACE] [REI] [REIPlugin END] Reloading Section: "end-reload/"
[18:39:46] [main/TRACE] [REI] [REIPlugin END] Reloading Section: "end-reload/EntryTypeRegistryImpl/"
[18:39:46] [main/TRACE] [REI] [REIPlugin END] Reloading Section: "end-reload/EntryTypeRegistryImpl/" done in 50.72 μs
[18:39:46] [main/TRACE] [REI] [REIPlugin END] Reloading Section: "end-reload/EntrySettingsAdapterRegistryImpl/"
[18:39:46] [main/TRACE] [REI] [REIPlugin END] Reloading Section: "end-reload/EntrySettingsAdapterRegistryImpl/" done in 42.80 μs
[18:39:46] [main/TRACE] [REI] [REIPlugin END] Reloading Section: "end-reload/RecipeManagerContextImpl/"
[18:39:46] [main/TRACE] [REI] [REIPlugin END] Reloading Section: "end-reload/RecipeManagerContextImpl/" done in 40.88 μs
[18:39:46] [main/TRACE] [REI] [REIPlugin END] Reloading Section: "end-reload/ItemComparatorRegistryImpl/"
[18:39:46] [main/TRACE] [REI] [REIPlugin END] Reloading Section: "end-reload/ItemComparatorRegistryImpl/" done in 34.65 μs
[18:39:46] [main/TRACE] [REI] [REIPlugin END] Reloading Section: "end-reload/FluidComparatorRegistryImpl/"
[18:39:46] [main/TRACE] [REI] [REIPlugin END] Reloading Section: "end-reload/FluidComparatorRegistryImpl/" done in 29.25 μs
[18:39:46] [main/TRACE] [REI] [REIPlugin END] Reloading Section: "end-reload/DisplaySerializerRegistryImpl/"
[18:39:46] [main/TRACE] [REI] [REIPlugin END] Reloading Section: "end-reload/DisplaySerializerRegistryImpl/" done in 30.88 μs
[18:39:46] [main/TRACE] [REI] [REIPlugin END] Reloading Section: "end-reload/FluidSupportProviderImpl/"
[18:39:46] [main/TRACE] [REI] [REIPlugin END] Reloading Section: "end-reload/FluidSupportProviderImpl/" done in 30.11 μs
[18:39:46] [main/TRACE] [REI] [REIPlugin END] Reloading Section: "end-reload/" done in 668.7 μs
[18:39:46] [main/DEBUG] [REI] ========================================
[18:39:46] [main/DEBUG] [REI] REIPlugin ended main-reload for END in 25.97 ms.
[18:39:46] [main/DEBUG] [REI] ========================================
[18:39:46] [main/INFO] [REI] ~~~~~~~~~~~~~~~~~~~~~~~~~~~~~~~~~~~~~~~~
[18:39:46] [main/INFO] [REI] REIServerPlugin starting main-reload for END.
[18:39:46] [main/DEBUG] [REI] Reloadables (2):
[18:39:46] [main/DEBUG] [REI]  - MenuInfoRegistryImpl
[18:39:46] [main/DEBUG] [REI]  - SlotAccessorRegistryImpl
[18:39:46] [main/INFO] [REI] Plugins (3):
[18:39:46] [main/INFO] [REI]  - (-100.00) DefaultPluginImpl of DefaultPluginImpl [roughlyenoughitems]
[18:39:46] [main/INFO] [REI]  - (0.00) AetherREIServerPlugin of AetherREIServerPlugin [aether]
[18:39:46] [main/INFO] [REI]  - (0.00) DefaultRuntimePlugin of DefaultRuntimePlugin [roughlyenoughitems]
[18:39:46] [main/INFO] [REI] ~~~~~~~~~~~~~~~~~~~~~~~~~~~~~~~~~~~~~~~~
[18:39:46] [main/TRACE] [REI] [REIServerPlugin END] Reloading Section: "start-reload/"
[18:39:46] [main/TRACE] [REI] [REIServerPlugin END] Reloading Section: "start-reload/MenuInfoRegistryImpl/"
[18:39:46] [main/TRACE] [REI] [REIServerPlugin END] Reloading Section: "start-reload/MenuInfoRegistryImpl/" done in 40.77 μs
[18:39:46] [main/TRACE] [REI] [REIServerPlugin END] Reloading Section: "start-reload/SlotAccessorRegistryImpl/"
[18:39:46] [main/TRACE] [REI] [REIServerPlugin END] Reloading Section: "start-reload/SlotAccessorRegistryImpl/" done in 32.60 μs
[18:39:46] [main/TRACE] [REI] [REIServerPlugin END] Reloading Section: "start-reload/" done in 230.1 μs
[18:39:46] [main/DEBUG] [REI] ========================================
[18:39:46] [main/DEBUG] [REI] REIServerPlugin started main-reload for END.
[18:39:46] [main/DEBUG] [REI] ========================================
[18:39:46] [main/TRACE] [REI] [REIServerPlugin END] Reloading Section: "reloadable-plugin/MenuInfoRegistryImpl/"
[18:39:46] [main/TRACE] [REI] [REIServerPlugin END] Reloading Section: "reloadable-plugin/MenuInfoRegistryImpl/DefaultPluginImpl of DefaultPluginImpl [roughlyenoughitems]/"
[18:39:46] [main/TRACE] [REI] [REIServerPlugin END] Reloading Section: "reloadable-plugin/MenuInfoRegistryImpl/DefaultPluginImpl of DefaultPluginImpl [roughlyenoughitems]/" done in 51.47 μs
[18:39:46] [main/TRACE] [REI] [REIServerPlugin END] Reloading Section: "reloadable-plugin/MenuInfoRegistryImpl/AetherREIServerPlugin of AetherREIServerPlugin [aether]/"
[18:39:46] [main/TRACE] [REI] [REIServerPlugin END] Reloading Section: "reloadable-plugin/MenuInfoRegistryImpl/AetherREIServerPlugin of AetherREIServerPlugin [aether]/" done in 36.76 μs
[18:39:46] [main/TRACE] [REI] [REIServerPlugin END] Reloading Section: "reloadable-plugin/MenuInfoRegistryImpl/DefaultRuntimePlugin of DefaultRuntimePlugin [roughlyenoughitems]/"
[18:39:46] [main/TRACE] [REI] [REIServerPlugin END] Reloading Section: "reloadable-plugin/MenuInfoRegistryImpl/DefaultRuntimePlugin of DefaultRuntimePlugin [roughlyenoughitems]/" done in 35.55 μs
[18:39:46] [main/TRACE] [REI] [REIServerPlugin END] Reloading Section: "reloadable-plugin/MenuInfoRegistryImpl/" done in 325.8 μs
[18:39:46] [main/TRACE] [REI] [REIServerPlugin END] Reloading Section: "reloadable-plugin/SlotAccessorRegistryImpl/"
[18:39:46] [main/TRACE] [REI] [REIServerPlugin END] Reloading Section: "reloadable-plugin/SlotAccessorRegistryImpl/DefaultPluginImpl of DefaultPluginImpl [roughlyenoughitems]/"
[18:39:46] [main/TRACE] [REI] [REIServerPlugin END] Reloading Section: "reloadable-plugin/SlotAccessorRegistryImpl/DefaultPluginImpl of DefaultPluginImpl [roughlyenoughitems]/" done in 42.27 μs
[18:39:46] [main/TRACE] [REI] [REIServerPlugin END] Reloading Section: "reloadable-plugin/SlotAccessorRegistryImpl/AetherREIServerPlugin of AetherREIServerPlugin [aether]/"
[18:39:46] [main/TRACE] [REI] [REIServerPlugin END] Reloading Section: "reloadable-plugin/SlotAccessorRegistryImpl/AetherREIServerPlugin of AetherREIServerPlugin [aether]/" done in 32.84 μs
[18:39:46] [main/TRACE] [REI] [REIServerPlugin END] Reloading Section: "reloadable-plugin/SlotAccessorRegistryImpl/DefaultRuntimePlugin of DefaultRuntimePlugin [roughlyenoughitems]/"
[18:39:46] [main/DEBUG] [REI] Added slot accessor serializer: me.shedaniel.rei.plugin.common.runtime.DefaultRuntimePlugin$1@715f9a7e [roughlyenoughitems:vanilla]
[18:39:46] [main/DEBUG] [REI] Added slot accessor serializer: me.shedaniel.rei.plugin.common.runtime.DefaultRuntimePlugin$2@7918cce5 [roughlyenoughitems:player]
[18:39:46] [main/TRACE] [REI] [REIServerPlugin END] Reloading Section: "reloadable-plugin/SlotAccessorRegistryImpl/DefaultRuntimePlugin of DefaultRuntimePlugin [roughlyenoughitems]/" done in 1.904 ms
[18:39:46] [main/TRACE] [REI] [REIServerPlugin END] Reloading Section: "reloadable-plugin/SlotAccessorRegistryImpl/" done in 2.194 ms
[18:39:46] [main/DEBUG] [REI] ========================================
[18:39:46] [main/DEBUG] [REI] REIServerPlugin ending main-reload for END.
[18:39:46] [main/DEBUG] [REI] ========================================
[18:39:46] [main/TRACE] [REI] [REIServerPlugin END] Reloading Section: "end-reload/"
[18:39:46] [main/TRACE] [REI] [REIServerPlugin END] Reloading Section: "end-reload/MenuInfoRegistryImpl/"
[18:39:46] [main/DEBUG] [REI] Registered 0 menu infos
[18:39:46] [main/TRACE] [REI] [REIServerPlugin END] Reloading Section: "end-reload/MenuInfoRegistryImpl/" done in 139.2 μs
[18:39:46] [main/TRACE] [REI] [REIServerPlugin END] Reloading Section: "end-reload/SlotAccessorRegistryImpl/"
[18:39:46] [main/DEBUG] [REI] Registered 2 slot accessor serializers
[18:39:46] [main/TRACE] [REI] [REIServerPlugin END] Reloading Section: "end-reload/SlotAccessorRegistryImpl/" done in 174.2 μs
[18:39:46] [main/TRACE] [REI] [REIServerPlugin END] Reloading Section: "end-reload/" done in 575.3 μs
[18:39:46] [main/DEBUG] [REI] ========================================
[18:39:46] [main/DEBUG] [REI] REIServerPlugin ended main-reload for END in 4.967 ms.
[18:39:46] [main/DEBUG] [REI] ========================================
[18:39:46] [main/DEBUG] [REI] ========================================
[18:39:46] [main/DEBUG] [REI] REIPlugin starting post-reload for END.
[18:39:46] [main/DEBUG] [REI] Reloadables (7):
[18:39:46] [main/DEBUG] [REI]  - EntryTypeRegistryImpl
[18:39:46] [main/DEBUG] [REI]  - EntrySettingsAdapterRegistryImpl
[18:39:46] [main/DEBUG] [REI]  - RecipeManagerContextImpl
[18:39:46] [main/DEBUG] [REI]  - ItemComparatorRegistryImpl
[18:39:46] [main/DEBUG] [REI]  - FluidComparatorRegistryImpl
[18:39:46] [main/DEBUG] [REI]  - DisplaySerializerRegistryImpl
[18:39:46] [main/DEBUG] [REI]  - FluidSupportProviderImpl
[18:39:46] [main/DEBUG] [REI] Plugins (3):
[18:39:46] [main/DEBUG] [REI]  - (-100.00) DefaultPluginImpl of DefaultPluginImpl [roughlyenoughitems]
[18:39:46] [main/DEBUG] [REI]  - (0.00) DefaultRuntimePlugin of DefaultRuntimePlugin [roughlyenoughitems]
[18:39:46] [main/DEBUG] [REI]  - (0.00) AetherREIServerPlugin of AetherREIServerPlugin [aether]
[18:39:46] [main/DEBUG] [REI] ========================================
[18:39:46] [main/TRACE] [REI] [REIPlugin END] Reloading Section: "post-register/"
[18:39:46] [main/TRACE] [REI] [REIPlugin END] Reloading Section: "post-register/DefaultPluginImpl of DefaultPluginImpl [roughlyenoughitems]/"
[18:39:46] [main/TRACE] [REI] [REIPlugin END] Reloading Section: "post-register/DefaultPluginImpl of DefaultPluginImpl [roughlyenoughitems]/" done in 30.64 μs
[18:39:46] [main/TRACE] [REI] [REIPlugin END] Reloading Section: "post-register/DefaultRuntimePlugin of DefaultRuntimePlugin [roughlyenoughitems]/"
[18:39:46] [main/TRACE] [REI] [REIPlugin END] Reloading Section: "post-register/DefaultRuntimePlugin of DefaultRuntimePlugin [roughlyenoughitems]/" done in 31.29 μs
[18:39:46] [main/TRACE] [REI] [REIPlugin END] Reloading Section: "post-register/AetherREIServerPlugin of AetherREIServerPlugin [aether]/"
[18:39:46] [main/TRACE] [REI] [REIPlugin END] Reloading Section: "post-register/AetherREIServerPlugin of AetherREIServerPlugin [aether]/" done in 29.47 μs
[18:39:46] [main/TRACE] [REI] [REIPlugin END] Reloading Section: "post-register/" done in 284.3 μs
[18:39:46] [main/TRACE] [REI] [REIPlugin END] Reloading Section: "post-stage/"
[18:39:46] [main/TRACE] [REI] [REIPlugin END] Reloading Section: "post-stage/EntryTypeRegistryImpl/"
[18:39:46] [main/TRACE] [REI] [REIPlugin END] Reloading Section: "post-stage/EntryTypeRegistryImpl/" done in 25.18 μs
[18:39:46] [main/TRACE] [REI] [REIPlugin END] Reloading Section: "post-stage/EntrySettingsAdapterRegistryImpl/"
[18:39:46] [main/TRACE] [REI] [REIPlugin END] Reloading Section: "post-stage/EntrySettingsAdapterRegistryImpl/" done in 45.57 μs
[18:39:46] [main/TRACE] [REI] [REIPlugin END] Reloading Section: "post-stage/RecipeManagerContextImpl/"
[18:39:46] [main/TRACE] [REI] [REIPlugin END] Reloading Section: "post-stage/RecipeManagerContextImpl/" done in 32.32 μs
[18:39:46] [main/TRACE] [REI] [REIPlugin END] Reloading Section: "post-stage/ItemComparatorRegistryImpl/"
[18:39:46] [main/TRACE] [REI] [REIPlugin END] Reloading Section: "post-stage/ItemComparatorRegistryImpl/" done in 31.43 μs
[18:39:46] [main/TRACE] [REI] [REIPlugin END] Reloading Section: "post-stage/FluidComparatorRegistryImpl/"
[18:39:46] [main/TRACE] [REI] [REIPlugin END] Reloading Section: "post-stage/FluidComparatorRegistryImpl/" done in 33.13 μs
[18:39:46] [main/TRACE] [REI] [REIPlugin END] Reloading Section: "post-stage/DisplaySerializerRegistryImpl/"
[18:39:46] [main/TRACE] [REI] [REIPlugin END] Reloading Section: "post-stage/DisplaySerializerRegistryImpl/" done in 26.53 μs
[18:39:46] [main/TRACE] [REI] [REIPlugin END] Reloading Section: "post-stage/FluidSupportProviderImpl/"
[18:39:46] [main/TRACE] [REI] [REIPlugin END] Reloading Section: "post-stage/FluidSupportProviderImpl/" done in 27.20 μs
[18:39:46] [main/TRACE] [REI] [REIPlugin END] Reloading Section: "post-stage/" done in 597.4 μs
[18:39:46] [main/DEBUG] [REI] ========================================
[18:39:46] [main/INFO] [REI] REIPlugin finished post-reload for END in 965.1 μs, totaling 28.09 ms.
[18:39:46] [main/DEBUG] [REI] ========================================
[18:39:46] [main/DEBUG] [REI] ========================================
[18:39:46] [main/DEBUG] [REI] REIServerPlugin starting post-reload for END.
[18:39:46] [main/DEBUG] [REI] Reloadables (2):
[18:39:46] [main/DEBUG] [REI]  - MenuInfoRegistryImpl
[18:39:46] [main/DEBUG] [REI]  - SlotAccessorRegistryImpl
[18:39:46] [main/DEBUG] [REI] Plugins (3):
[18:39:46] [main/DEBUG] [REI]  - (-100.00) DefaultPluginImpl of DefaultPluginImpl [roughlyenoughitems]
[18:39:46] [main/DEBUG] [REI]  - (0.00) AetherREIServerPlugin of AetherREIServerPlugin [aether]
[18:39:46] [main/DEBUG] [REI]  - (0.00) DefaultRuntimePlugin of DefaultRuntimePlugin [roughlyenoughitems]
[18:39:46] [main/DEBUG] [REI] ========================================
[18:39:46] [main/TRACE] [REI] [REIServerPlugin END] Reloading Section: "post-register/"
[18:39:46] [main/TRACE] [REI] [REIServerPlugin END] Reloading Section: "post-register/DefaultPluginImpl of DefaultPluginImpl [roughlyenoughitems]/"
[18:39:46] [main/TRACE] [REI] [REIServerPlugin END] Reloading Section: "post-register/DefaultPluginImpl of DefaultPluginImpl [roughlyenoughitems]/" done in 26.93 μs
[18:39:46] [main/TRACE] [REI] [REIServerPlugin END] Reloading Section: "post-register/AetherREIServerPlugin of AetherREIServerPlugin [aether]/"
[18:39:46] [main/TRACE] [REI] [REIServerPlugin END] Reloading Section: "post-register/AetherREIServerPlugin of AetherREIServerPlugin [aether]/" done in 30.98 μs
[18:39:46] [main/TRACE] [REI] [REIServerPlugin END] Reloading Section: "post-register/DefaultRuntimePlugin of DefaultRuntimePlugin [roughlyenoughitems]/"
[18:39:46] [main/TRACE] [REI] [REIServerPlugin END] Reloading Section: "post-register/DefaultRuntimePlugin of DefaultRuntimePlugin [roughlyenoughitems]/" done in 28.83 μs
[18:39:46] [main/TRACE] [REI] [REIServerPlugin END] Reloading Section: "post-register/" done in 290.3 μs
[18:39:46] [main/TRACE] [REI] [REIServerPlugin END] Reloading Section: "post-stage/"
[18:39:46] [main/TRACE] [REI] [REIServerPlugin END] Reloading Section: "post-stage/MenuInfoRegistryImpl/"
[18:39:46] [main/TRACE] [REI] [REIServerPlugin END] Reloading Section: "post-stage/MenuInfoRegistryImpl/" done in 24.82 μs
[18:39:46] [main/TRACE] [REI] [REIServerPlugin END] Reloading Section: "post-stage/SlotAccessorRegistryImpl/"
[18:39:46] [main/TRACE] [REI] [REIServerPlugin END] Reloading Section: "post-stage/SlotAccessorRegistryImpl/" done in 25.57 μs
[18:39:46] [main/TRACE] [REI] [REIServerPlugin END] Reloading Section: "post-stage/" done in 149.9 μs
[18:39:46] [main/DEBUG] [REI] ========================================
[18:39:46] [main/INFO] [REI] REIServerPlugin finished post-reload for END in 526.2 μs, totaling 6.152 ms.
[18:39:46] [main/DEBUG] [REI] ========================================
